#
# A fatal error has been detected by the Java Runtime Environment:
#
#  SIGSEGV (0xb) at pc=0x00007f231b85eafe, pid=27186, tid=0x00007f233af11700
#
# JRE version: OpenJDK Runtime Environment (8.0_121-b14) (build 1.8.0_121-b14)
# Java VM: OpenJDK 64-Bit Server VM (25.121-b14 mixed mode linux-amd64 compressed oops)
# Problematic frame:
# C  [libswt-pi3-gtk-4751.so+0x58afe]  swt_fixed_restack+0x19
#
# Core dump written. Default location: /home/lufimtse/git/SWT-snippets/core or core.27186
#
# If you would like to submit a bug report, please visit:
#   http://bugreport.java.com/bugreport/crash.jsp
# The crash happened outside the Java Virtual Machine in native code.
# See problematic frame for where to report the bug.
#

---------------  T H R E A D  ---------------

Current thread (0x00007f2334008800):  JavaThread "main" [_thread_in_native, id=27192, stack(0x00007f233ae11000,0x00007f233af12000)]

siginfo: si_signo: 11 (SIGSEGV), si_code: 1 (SEGV_MAPERR), si_addr: 0x0000000100000000

Registers:
RAX=0x00007f231b8572c7, RBX=0x00007f2322aa1640, RCX=0x0000000000000000, RDX=0x0000000000000000
RSP=0x00007f233af10400, RBP=0x00007f233af104c0, RSI=0x00007f23346a6b60, RDI=0x0000000100000000
R8 =0x0000000000000000, R9 =0x0000000000000000, R10=0x00007f2324e0e748, R11=0x00007f2339afa580
R12=0x0000000000000000, R13=0x00007f23354f2020, R14=0x00007f233af10510, R15=0x00007f2334008800
RIP=0x00007f231b85eafe, EFLAGS=0x0000000000010206, CSGSFS=0x002b000000000033, ERR=0x0000000000000004
  TRAPNO=0x000000000000000e

Top of Stack: (sp=0x00007f233af10400)
0x00007f233af10400:   00007f2322aa1640 00007f233af104c0
0x00007f233af10410:   0000000000000000 00007f2322aa1640
0x00007f233af10420:   00007f233af10510 00007f231b8572dd
0x00007f233af10430:   0000000000000010 00007f2324e0e774
0x00007f233af10440:   0000000000000358 0000000000000000
0x00007f233af10450:   0000000000000000 0000000000000000
0x00007f233af10460:   00007f23346a6a70 00007f23346b7c00
0x00007f233af10470:   00007f2322a8f998 00007f233af105c0
0x00007f233af10480:   00007f233af10480 0000000000000000
0x00007f233af10490:   00007f233af10510 00007f2322aa31d0
0x00007f233af104a0:   0000000000000000 00007f2322aa1640
0x00007f233af104b0:   0000000000000000 00007f233af104e0
0x00007f233af104c0:   00007f233af10558 00007f2324dfeffd
0x00007f233af104d0:   00000007710126f8 00007f2324e08278
0x00007f233af104e0:   0000000000000000 0000000000000000
0x00007f233af104f0:   00007f233af10558 00007f23346a6b60
0x00007f233af10500:   00007f233af10588 00007f23354f23e0
0x00007f233af10510:   0000000000000001 00007f233af10518
0x00007f233af10520:   00007f2322aa16e5 00007f233af105a0
0x00007f233af10530:   00007f2322aa31d0 0000000000000000
0x00007f233af10540:   00007f2322aa1748 00007f233af104e0
0x00007f233af10550:   00007f233af10570 00007f233af105e8
0x00007f233af10560:   00007f2324dfeffd 0000000000000000
0x00007f233af10570:   0000000000000000 0000000000000000
0x00007f233af10580:   0000000000000000 00007f23346a6b60
0x00007f233af10590:   00007f233af105e8 00007f23354f23e0
0x00007f233af105a0:   0000000000000001 00007f233af105a8
0x00007f233af105b0:   00007f232297a05a 00007f233af10690
0x00007f233af105c0:   00007f2322af0810 0000000000000000
0x00007f233af105d0:   00007f232297a218 00007f233af10570
0x00007f233af105e0:   00007f233af10670 00007f233af106d8
0x00007f233af105f0:   00007f2324dfeffd 0000000000000000 

Instructions: (pc=0x00007f231b85eafe)
0x00007f231b85eade:   89 c3 e9 f2 fe ff ff 41 56 41 55 41 54 55 53 4c
0x00007f231b85eaee:   8b 6f 28 49 8b 7d 18 48 85 ff 0f 84 86 00 00 00
0x00007f231b85eafe:   48 8b 2f 48 3b 75 00 0f 84 92 00 00 00 48 89 fb
0x00007f231b85eb0e:   48 8b 5b 08 48 85 db 74 6d 48 8b 2b 48 39 75 00 

Register to memory mapping:

RAX=0x00007f231b8572c7: Java_org_eclipse_swt_internal_gtk_OS__1swt_1fixed_1restack+0 in /home/lufimtse/git/eclipse.platform.swt.binaries/bundles/org.eclipse.swt.gtk.linux.x86_64/libswt-pi3-gtk-4751.so at 0x00007f231b806000
RBX={method} {0x00007f2322aa1640} '_swt_fixed_restack' '(JJJZ)V' in 'org/eclipse/swt/internal/gtk/OS'
RCX=0x0000000000000000 is an unknown value
RDX=0x0000000000000000 is an unknown value
RSP=0x00007f233af10400 is pointing into the stack for thread: 0x00007f2334008800
RBP=0x00007f233af104c0 is pointing into the stack for thread: 0x00007f2334008800
RSI=0x00007f23346a6b60 is an unknown value
RDI=0x0000000100000000 is an unknown value
R8 =0x0000000000000000 is an unknown value
R9 =0x0000000000000000 is an unknown value
R10=0x00007f2324e0e748 is at code_begin+808 in an Interpreter codelet
method entry point (kind = native)  [0x00007f2324e0e420, 0x00007f2324e0ed20]  2304 bytes
R11=0x00007f2339afa580: <offset 0x975580> in /usr/lib/jvm/java-1.8.0-openjdk-1.8.0.121-8.b14.fc25.x86_64/jre/lib/amd64/server/libjvm.so at 0x00007f2339185000
R12=0x0000000000000000 is an unknown value
R13=0x00007f23354f2020 is an unknown value
R14=0x00007f233af10510 is pointing into the stack for thread: 0x00007f2334008800
R15=0x00007f2334008800 is a thread


Stack: [0x00007f233ae11000,0x00007f233af12000],  sp=0x00007f233af10400,  free space=1021k
Native frames: (J=compiled Java code, j=interpreted, Vv=VM code, C=native code)
C  [libswt-pi3-gtk-4751.so+0x58afe]  swt_fixed_restack+0x19
j  org.eclipse.swt.internal.gtk.OS.swt_fixed_restack(JJJZ)V+13
j  org.eclipse.swt.widgets.Composite.moveBelow(JJ)V+66
j  org.eclipse.swt.widgets.Control.setZOrder(Lorg/eclipse/swt/widgets/Control;ZZZ)V+418
j  org.eclipse.swt.widgets.Control.setZOrder(Lorg/eclipse/swt/widgets/Control;ZZ)V+5
j  org.eclipse.swt.widgets.Control.createWidget(I)V+64
j  org.eclipse.swt.widgets.Label.createWidget(I)V+2
j  org.eclipse.swt.widgets.Control.<init>(Lorg/eclipse/swt/widgets/Composite;I)V+26
j  org.eclipse.swt.widgets.Label.<init>(Lorg/eclipse/swt/widgets/Composite;I)V+6
j  tabfolder.Bug510803_TabFolder_editable_table_brokenGtk3.main([Ljava/lang/String;)V+86
v  ~StubRoutines::call_stub
V  [libjvm.so+0x671413]
V  [libjvm.so+0x693967]
V  [libjvm.so+0x696086]
C  [libjli.so+0x3371]
C  [libpthread.so.0+0x76ca]  start_thread+0xca

Java frames: (J=compiled Java code, j=interpreted, Vv=VM code)
j  org.eclipse.swt.internal.gtk.OS._swt_fixed_restack(JJJZ)V+0
j  org.eclipse.swt.internal.gtk.OS.swt_fixed_restack(JJJZ)V+13
j  org.eclipse.swt.widgets.Composite.moveBelow(JJ)V+66
j  org.eclipse.swt.widgets.Control.setZOrder(Lorg/eclipse/swt/widgets/Control;ZZZ)V+418
j  org.eclipse.swt.widgets.Control.setZOrder(Lorg/eclipse/swt/widgets/Control;ZZ)V+5
j  org.eclipse.swt.widgets.Control.createWidget(I)V+64
j  org.eclipse.swt.widgets.Label.createWidget(I)V+2
j  org.eclipse.swt.widgets.Control.<init>(Lorg/eclipse/swt/widgets/Composite;I)V+26
j  org.eclipse.swt.widgets.Label.<init>(Lorg/eclipse/swt/widgets/Composite;I)V+6
j  tabfolder.Bug510803_TabFolder_editable_table_brokenGtk3.main([Ljava/lang/String;)V+86
v  ~StubRoutines::call_stub

---------------  P R O C E S S  ---------------

Java Threads: ( => current thread )
  0x00007f23340dd000 JavaThread "Service Thread" daemon [_thread_blocked, id=27210, stack(0x00007f231bdfe000,0x00007f231beff000)]
  0x00007f23340d8800 JavaThread "C1 CompilerThread3" daemon [_thread_blocked, id=27209, stack(0x00007f231beff000,0x00007f231c000000)]
  0x00007f23340d6800 JavaThread "C2 CompilerThread2" daemon [_thread_blocked, id=27208, stack(0x00007f232000a000,0x00007f232010b000)]
  0x00007f23340d5000 JavaThread "C2 CompilerThread1" daemon [_thread_blocked, id=27207, stack(0x00007f232010b000,0x00007f232020c000)]
  0x00007f23340c7800 JavaThread "C2 CompilerThread0" daemon [_thread_blocked, id=27206, stack(0x00007f232020c000,0x00007f232030d000)]
  0x00007f23340c5800 JavaThread "Signal Dispatcher" daemon [_thread_blocked, id=27205, stack(0x00007f232030d000,0x00007f232040e000)]
  0x00007f233409b000 JavaThread "Finalizer" daemon [_thread_blocked, id=27204, stack(0x00007f232040e000,0x00007f232050f000)]
  0x00007f2334096800 JavaThread "Reference Handler" daemon [_thread_blocked, id=27203, stack(0x00007f232050f000,0x00007f2320610000)]
=>0x00007f2334008800 JavaThread "main" [_thread_in_native, id=27192, stack(0x00007f233ae11000,0x00007f233af12000)]

Other Threads:
  0x00007f233408d000 VMThread [stack: 0x00007f2320610000,0x00007f2320711000] [id=27202]
  0x00007f23340df800 WatcherThread [stack: 0x00007f231bcfd000,0x00007f231bdfe000] [id=27211]

VM state:not at safepoint (normal execution)

VM Mutex/Monitor currently owned by a thread: None

Heap:
 PSYoungGen      total 74752K, used 35701K [0x000000076d100000, 0x0000000772400000, 0x00000007c0000000)
  eden space 64512K, 50% used [0x000000076d100000,0x000000076f11a4b8,0x0000000771000000)
  from space 10240K, 27% used [0x0000000771000000,0x00000007712c3050,0x0000000771a00000)
  to   space 10240K, 0% used [0x0000000771a00000,0x0000000771a00000,0x0000000772400000)
 ParOldGen       total 171008K, used 8K [0x00000006c7200000, 0x00000006d1900000, 0x000000076d100000)
  object space 171008K, 0% used [0x00000006c7200000,0x00000006c7202000,0x00000006d1900000)
 Metaspace       used 5978K, capacity 6424K, committed 6528K, reserved 1056768K
  class space    used 513K, capacity 566K, committed 640K, reserved 1048576K

Card table byte_map: [0x00007f232426f000,0x00007f2324a37000] byte_map_base: 0x00007f2320c36000

Marking Bits: (ParMarkBitMap*) 0x00007f233a0f0840
 Begin Bits: [0x00007f22f4390000, 0x00007f22f81c8000)
 End Bits:   [0x00007f22f81c8000, 0x00007f22fc000000)

Polling page: 0x00007f233af3c000

CodeCache: size=245760Kb used=1766Kb max_used=1781Kb free=243993Kb
 bounds [0x00007f2324df7000, 0x00007f2325067000, 0x00007f2333df7000]
 total_blobs=684 nmethods=291 adapters=307
 compilation: enabled

Compilation events (10 events):
Event: 0.965 Thread 0x00007f23340d8800 nmethod 286 0x00007f2324fa8090 code [0x00007f2324fa8200, 0x00007f2324fa8370]
Event: 0.965 Thread 0x00007f23340d8800  287       3       java.lang.ThreadLocal$ThreadLocalMap::access$000 (6 bytes)
Event: 0.965 Thread 0x00007f23340d8800 nmethod 287 0x00007f2324fa2ad0 code [0x00007f2324fa2c40, 0x00007f2324fa2da8]
Event: 0.965 Thread 0x00007f23340d8800  288       3       java.lang.ThreadLocal$ThreadLocalMap::getEntry (42 bytes)
Event: 0.965 Thread 0x00007f23340d8800 nmethod 288 0x00007f2324fa2510 code [0x00007f2324fa2680, 0x00007f2324fa2988]
Event: 0.966 Thread 0x00007f23340d8800  289       1       java.nio.Buffer::position (5 bytes)
Event: 0.966 Thread 0x00007f23340d8800 nmethod 289 0x00007f2324fad510 code [0x00007f2324fad660, 0x00007f2324fad770]
Event: 0.967 Thread 0x00007f23340d8800  290       3       java.lang.ThreadLocal::get (38 bytes)
Event: 0.968 Thread 0x00007f23340d8800 nmethod 290 0x00007f2324fad7d0 code [0x00007f2324fad960, 0x00007f2324fadc98]
Event: 0.970 Thread 0x00007f23340d5000 nmethod 273 0x00007f2324fb2350 code [0x00007f2324fb2600, 0x00007f2324fb3c00]

GC Heap History (2 events):
Event: 0.733 GC heap before
{Heap before GC invocations=1 (full 0):
 PSYoungGen      total 74752K, used 63536K [0x000000076d100000, 0x0000000772400000, 0x00000007c0000000)
  eden space 64512K, 98% used [0x000000076d100000,0x0000000770f0c098,0x0000000771000000)
  from space 10240K, 0% used [0x0000000771a00000,0x0000000771a00000,0x0000000772400000)
  to   space 10240K, 0% used [0x0000000771000000,0x0000000771000000,0x0000000771a00000)
 ParOldGen       total 171008K, used 0K [0x00000006c7200000, 0x00000006d1900000, 0x000000076d100000)
  object space 171008K, 0% used [0x00000006c7200000,0x00000006c7200000,0x00000006d1900000)
 Metaspace       used 5651K, capacity 6128K, committed 6272K, reserved 1056768K
  class space    used 483K, capacity 530K, committed 640K, reserved 1048576K
Event: 0.735 GC heap after
Heap after GC invocations=1 (full 0):
 PSYoungGen      total 74752K, used 2828K [0x000000076d100000, 0x0000000772400000, 0x00000007c0000000)
  eden space 64512K, 0% used [0x000000076d100000,0x000000076d100000,0x0000000771000000)
  from space 10240K, 27% used [0x0000000771000000,0x00000007712c3050,0x0000000771a00000)
  to   space 10240K, 0% used [0x0000000771a00000,0x0000000771a00000,0x0000000772400000)
 ParOldGen       total 171008K, used 8K [0x00000006c7200000, 0x00000006d1900000, 0x000000076d100000)
  object space 171008K, 0% used [0x00000006c7200000,0x00000006c7202000,0x00000006d1900000)
 Metaspace       used 5651K, capacity 6128K, committed 6272K, reserved 1056768K
  class space    used 483K, capacity 530K, committed 640K, reserved 1048576K
}

Deoptimization events (5 events):
Event: 0.889 Thread 0x00007f2334008800 Uncommon trap: reason=array_check action=maybe_recompile pc=0x00007f2324fa06a8 method=java.util.AbstractCollection.toArray([Ljava/lang/Object;)[Ljava/lang/Object; @ 119
Event: 0.889 Thread 0x00007f2334008800 Uncommon trap: reason=array_check action=maybe_recompile pc=0x00007f2324fa06a8 method=java.util.AbstractCollection.toArray([Ljava/lang/Object;)[Ljava/lang/Object; @ 119
Event: 0.889 Thread 0x00007f2334008800 Uncommon trap: reason=array_check action=maybe_recompile pc=0x00007f2324fa06a8 method=java.util.AbstractCollection.toArray([Ljava/lang/Object;)[Ljava/lang/Object; @ 119
Event: 0.889 Thread 0x00007f2334008800 Uncommon trap: reason=array_check action=maybe_recompile pc=0x00007f2324fa06a8 method=java.util.AbstractCollection.toArray([Ljava/lang/Object;)[Ljava/lang/Object; @ 119
Event: 0.940 Thread 0x00007f2334008800 Uncommon trap: reason=predicate action=maybe_recompile pc=0x00007f2324fa135c method=java.util.AbstractCollection.toArray([Ljava/lang/Object;)[Ljava/lang/Object; @ 49

Internal exceptions (10 events):
Event: 0.015 Thread 0x00007f2334008800 Exception <a 'java/lang/NoSuchMethodError': Method sun.misc.Unsafe.defineClass(Ljava/lang/String;[BII)Ljava/lang/Class; name or signature does not match> (0x000000076d107ca8) thrown at [/builddir/build/BUILD/java-1.8.0-openjdk-1.8.0.121-8.b14.fc25.x86_64/
Event: 0.015 Thread 0x00007f2334008800 Exception <a 'java/lang/NoSuchMethodError': Method sun.misc.Unsafe.prefetchRead(Ljava/lang/Object;J)V name or signature does not match> (0x000000076d107f90) thrown at [/builddir/build/BUILD/java-1.8.0-openjdk-1.8.0.121-8.b14.fc25.x86_64/openjdk/hotspot/sr
Event: 0.113 Thread 0x00007f2334008800 Exception <a 'java/lang/NoSuchFieldError': method resolution failed> (0x000000076d5a7460) thrown at [/builddir/build/BUILD/java-1.8.0-openjdk-1.8.0.121-8.b14.fc25.x86_64/openjdk/hotspot/src/share/vm/prims/methodHandles.cpp, line 1146]
Event: 0.114 Thread 0x00007f2334008800 Exception <a 'java/lang/NoSuchFieldError': method resolution failed> (0x000000076d5b4890) thrown at [/builddir/build/BUILD/java-1.8.0-openjdk-1.8.0.121-8.b14.fc25.x86_64/openjdk/hotspot/src/share/vm/prims/methodHandles.cpp, line 1146]
Event: 0.178 Thread 0x00007f2334008800 Exception <a 'java/security/PrivilegedActionException'> (0x000000076d66deb8) thrown at [/builddir/build/BUILD/java-1.8.0-openjdk-1.8.0.121-8.b14.fc25.x86_64/openjdk/hotspot/src/share/vm/prims/jvm.cpp, line 1402]
Event: 0.178 Thread 0x00007f2334008800 Exception <a 'java/security/PrivilegedActionException'> (0x000000076d66e0c8) thrown at [/builddir/build/BUILD/java-1.8.0-openjdk-1.8.0.121-8.b14.fc25.x86_64/openjdk/hotspot/src/share/vm/prims/jvm.cpp, line 1402]
Event: 0.178 Thread 0x00007f2334008800 Exception <a 'java/security/PrivilegedActionException'> (0x000000076d670968) thrown at [/builddir/build/BUILD/java-1.8.0-openjdk-1.8.0.121-8.b14.fc25.x86_64/openjdk/hotspot/src/share/vm/prims/jvm.cpp, line 1402]
Event: 0.178 Thread 0x00007f2334008800 Exception <a 'java/security/PrivilegedActionException'> (0x000000076d670b78) thrown at [/builddir/build/BUILD/java-1.8.0-openjdk-1.8.0.121-8.b14.fc25.x86_64/openjdk/hotspot/src/share/vm/prims/jvm.cpp, line 1402]
Event: 0.178 Thread 0x00007f2334008800 Exception <a 'java/security/PrivilegedActionException'> (0x000000076d671858) thrown at [/builddir/build/BUILD/java-1.8.0-openjdk-1.8.0.121-8.b14.fc25.x86_64/openjdk/hotspot/src/share/vm/prims/jvm.cpp, line 1402]
Event: 0.178 Thread 0x00007f2334008800 Exception <a 'java/security/PrivilegedActionException'> (0x000000076d671a68) thrown at [/builddir/build/BUILD/java-1.8.0-openjdk-1.8.0.121-8.b14.fc25.x86_64/openjdk/hotspot/src/share/vm/prims/jvm.cpp, line 1402]

Events (10 events):
Event: 0.966 loading class org/eclipse/swt/widgets/Event
Event: 0.966 loading class org/eclipse/swt/widgets/Event done
Event: 0.967 loading class org/eclipse/swt/widgets/TableItem
Event: 0.967 loading class org/eclipse/swt/widgets/TableItem done
Event: 0.971 loading class org/eclipse/swt/widgets/ScrollBar
Event: 0.971 loading class org/eclipse/swt/widgets/ScrollBar done
Event: 0.972 loading class org/eclipse/swt/widgets/TableColumn
Event: 0.972 loading class org/eclipse/swt/widgets/TableColumn done
Event: 0.974 loading class org/eclipse/swt/widgets/Label
Event: 0.974 loading class org/eclipse/swt/widgets/Label done


Dynamic libraries:
6c7200000-6d1900000 rw-p 00000000 00:00 0 
6d1900000-76d100000 ---p 00000000 00:00 0 
76d100000-772400000 rw-p 00000000 00:00 0 
772400000-7c0000000 ---p 00000000 00:00 0 
7c0000000-7c00a0000 rw-p 00000000 00:00 0 
7c00a0000-800000000 ---p 00000000 00:00 0 
55ccf6418000-55ccf6419000 r-xp 00000000 fd:00 3297295                    /usr/lib/jvm/java-1.8.0-openjdk-1.8.0.121-8.b14.fc25.x86_64/bin/java
55ccf6618000-55ccf6619000 r--p 00000000 fd:00 3297295                    /usr/lib/jvm/java-1.8.0-openjdk-1.8.0.121-8.b14.fc25.x86_64/bin/java
55ccf6619000-55ccf661a000 rw-p 00001000 fd:00 3297295                    /usr/lib/jvm/java-1.8.0-openjdk-1.8.0.121-8.b14.fc25.x86_64/bin/java
55ccf7290000-55ccf72b1000 rw-p 00000000 00:00 0                          [heap]
7f22ac000000-7f22ac022000 rw-p 00000000 00:00 0 
7f22ac022000-7f22b0000000 ---p 00000000 00:00 0 
7f22b0000000-7f22b0022000 rw-p 00000000 00:00 0 
7f22b0022000-7f22b4000000 ---p 00000000 00:00 0 
7f22b77ff000-7f22b7800000 ---p 00000000 00:00 0 
7f22b7800000-7f22b8000000 rw-p 00000000 00:00 0 
7f22b8000000-7f22b8021000 rw-p 00000000 00:00 0 
7f22b8021000-7f22bc000000 ---p 00000000 00:00 0 
7f22bc000000-7f22bc021000 rw-p 00000000 00:00 0 
7f22bc021000-7f22c0000000 ---p 00000000 00:00 0 
7f22c0797000-7f22c0799000 r-xp 00000000 fd:00 2629728                    /usr/lib64/libfreebl3.so
7f22c0799000-7f22c0998000 ---p 00002000 fd:00 2629728                    /usr/lib64/libfreebl3.so
7f22c0998000-7f22c0999000 r--p 00001000 fd:00 2629728                    /usr/lib64/libfreebl3.so
7f22c0999000-7f22c099a000 rw-p 00002000 fd:00 2629728                    /usr/lib64/libfreebl3.so
7f22c099a000-7f22c09a1000 r-xp 00000000 fd:00 2648404                    /usr/lib64/libcrypt-nss-2.24.so
7f22c09a1000-7f22c0ba0000 ---p 00007000 fd:00 2648404                    /usr/lib64/libcrypt-nss-2.24.so
7f22c0ba0000-7f22c0ba1000 r--p 00006000 fd:00 2648404                    /usr/lib64/libcrypt-nss-2.24.so
7f22c0ba1000-7f22c0ba2000 rw-p 00007000 fd:00 2648404                    /usr/lib64/libcrypt-nss-2.24.so
7f22c0ba2000-7f22c0bd0000 rw-p 00000000 00:00 0 
7f22c0bd0000-7f22c0bd6000 r-xp 00000000 fd:00 2628902                    /usr/lib64/libogg.so.0.8.2
7f22c0bd6000-7f22c0dd5000 ---p 00006000 fd:00 2628902                    /usr/lib64/libogg.so.0.8.2
7f22c0dd5000-7f22c0dd6000 r--p 00005000 fd:00 2628902                    /usr/lib64/libogg.so.0.8.2
7f22c0dd6000-7f22c0dd7000 rw-p 00000000 00:00 0 
7f22c0dd7000-7f22c0e02000 r-xp 00000000 fd:00 2629568                    /usr/lib64/libvorbis.so.0.4.8
7f22c0e02000-7f22c1001000 ---p 0002b000 fd:00 2629568                    /usr/lib64/libvorbis.so.0.4.8
7f22c1001000-7f22c1002000 r--p 0002a000 fd:00 2629568                    /usr/lib64/libvorbis.so.0.4.8
7f22c1002000-7f22c1003000 rw-p 00000000 00:00 0 
7f22c1003000-7f22c100c000 r-xp 00000000 fd:00 2631501                    /usr/lib64/libltdl.so.7.3.1
7f22c100c000-7f22c120b000 ---p 00009000 fd:00 2631501                    /usr/lib64/libltdl.so.7.3.1
7f22c120b000-7f22c120c000 r--p 00008000 fd:00 2631501                    /usr/lib64/libltdl.so.7.3.1
7f22c120c000-7f22c120d000 rw-p 00009000 fd:00 2631501                    /usr/lib64/libltdl.so.7.3.1
7f22c120d000-7f22c1222000 r-xp 00000000 fd:00 2622319                    /usr/lib64/libtdb.so.1.3.11
7f22c1222000-7f22c1421000 ---p 00015000 fd:00 2622319                    /usr/lib64/libtdb.so.1.3.11
7f22c1421000-7f22c1422000 r--p 00014000 fd:00 2622319                    /usr/lib64/libtdb.so.1.3.11
7f22c1422000-7f22c1423000 rw-p 00015000 fd:00 2622319                    /usr/lib64/libtdb.so.1.3.11
7f22c1423000-7f22c142a000 r-xp 00000000 fd:00 2629570                    /usr/lib64/libvorbisfile.so.3.3.7
7f22c142a000-7f22c162a000 ---p 00007000 fd:00 2629570                    /usr/lib64/libvorbisfile.so.3.3.7
7f22c162a000-7f22c162b000 r--p 00007000 fd:00 2629570                    /usr/lib64/libvorbisfile.so.3.3.7
7f22c162b000-7f22c162c000 rw-p 00000000 00:00 0 
7f22c162c000-7f22c163d000 r-xp 00000000 fd:00 2628443                    /usr/lib64/libcanberra.so.0.2.5
7f22c163d000-7f22c183c000 ---p 00011000 fd:00 2628443                    /usr/lib64/libcanberra.so.0.2.5
7f22c183c000-7f22c183d000 r--p 00010000 fd:00 2628443                    /usr/lib64/libcanberra.so.0.2.5
7f22c183d000-7f22c183e000 rw-p 00011000 fd:00 2628443                    /usr/lib64/libcanberra.so.0.2.5
7f22c183e000-7f22c1842000 r-xp 00000000 fd:00 2628442                    /usr/lib64/libcanberra-gtk3.so.0.1.9
7f22c1842000-7f22c1a41000 ---p 00004000 fd:00 2628442                    /usr/lib64/libcanberra-gtk3.so.0.1.9
7f22c1a41000-7f22c1a42000 r--p 00003000 fd:00 2628442                    /usr/lib64/libcanberra-gtk3.so.0.1.9
7f22c1a42000-7f22c1a43000 rw-p 00000000 00:00 0 
7f22c1a43000-7f22c1a48000 r-xp 00000000 fd:00 3016208                    /usr/lib64/gtk-3.0/modules/libcanberra-gtk3-module.so
7f22c1a48000-7f22c1c48000 ---p 00005000 fd:00 3016208                    /usr/lib64/gtk-3.0/modules/libcanberra-gtk3-module.so
7f22c1c48000-7f22c1c49000 r--p 00005000 fd:00 3016208                    /usr/lib64/gtk-3.0/modules/libcanberra-gtk3-module.so
7f22c1c49000-7f22c1c4a000 rw-p 00000000 00:00 0 
7f22c1c4a000-7f22c1c4d000 r-xp 00000000 fd:00 3027574                    /usr/lib64/gtk-3.0/modules/libpk-gtk-module.so
7f22c1c4d000-7f22c1e4c000 ---p 00003000 fd:00 3027574                    /usr/lib64/gtk-3.0/modules/libpk-gtk-module.so
7f22c1e4c000-7f22c1e4d000 r--p 00002000 fd:00 3027574                    /usr/lib64/gtk-3.0/modules/libpk-gtk-module.so
7f22c1e4d000-7f22c1e4e000 rw-p 00003000 fd:00 3027574                    /usr/lib64/gtk-3.0/modules/libpk-gtk-module.so
7f22c1e4e000-7f22c1e4f000 ---p 00000000 00:00 0 
7f22c1e4f000-7f22c264f000 rw-p 00000000 00:00 0 
7f22c264f000-7f22c2650000 ---p 00000000 00:00 0 
7f22c2650000-7f22c2e50000 rw-p 00000000 00:00 0 
7f22c2e50000-7f22c2e52000 r-xp 00000000 fd:00 2627365                    /usr/lib64/libutil-2.24.so
7f22c2e52000-7f22c3051000 ---p 00002000 fd:00 2627365                    /usr/lib64/libutil-2.24.so
7f22c3051000-7f22c3052000 r--p 00001000 fd:00 2627365                    /usr/lib64/libutil-2.24.so
7f22c3052000-7f22c3053000 rw-p 00002000 fd:00 2627365                    /usr/lib64/libutil-2.24.so
7f22c3053000-7f22c3089000 r-xp 00000000 fd:00 3024281                    /usr/lib64/gvfs/libgvfscommon.so
7f22c3089000-7f22c3289000 ---p 00036000 fd:00 3024281                    /usr/lib64/gvfs/libgvfscommon.so
7f22c3289000-7f22c328f000 r--p 00036000 fd:00 3024281                    /usr/lib64/gvfs/libgvfscommon.so
7f22c328f000-7f22c3290000 rw-p 00000000 00:00 0 
7f22c3290000-7f22c32bf000 r-xp 00000000 fd:00 3024280                    /usr/lib64/gio/modules/libgvfsdbus.so
7f22c32bf000-7f22c34bf000 ---p 0002f000 fd:00 3024280                    /usr/lib64/gio/modules/libgvfsdbus.so
7f22c34bf000-7f22c34c1000 r--p 0002f000 fd:00 3024280                    /usr/lib64/gio/modules/libgvfsdbus.so
7f22c34c1000-7f22c34c2000 rw-p 00031000 fd:00 3024280                    /usr/lib64/gio/modules/libgvfsdbus.so
7f22c34c2000-7f22c34cb000 r-xp 00000000 fd:00 1979773                    /home/lufimtse/git/eclipse.platform.swt.binaries/bundles/org.eclipse.swt.gtk.linux.x86_64/libswt-cairo-gtk-4751.so
7f22c34cb000-7f22c36ca000 ---p 00009000 fd:00 1979773                    /home/lufimtse/git/eclipse.platform.swt.binaries/bundles/org.eclipse.swt.gtk.linux.x86_64/libswt-cairo-gtk-4751.so
7f22c36ca000-7f22c36cb000 r--p 00008000 fd:00 1979773                    /home/lufimtse/git/eclipse.platform.swt.binaries/bundles/org.eclipse.swt.gtk.linux.x86_64/libswt-cairo-gtk-4751.so
7f22c36cb000-7f22c36cc000 rw-p 00009000 fd:00 1979773                    /home/lufimtse/git/eclipse.platform.swt.binaries/bundles/org.eclipse.swt.gtk.linux.x86_64/libswt-cairo-gtk-4751.so
7f22c36cc000-7f22c36de000 r-xp 00000000 fd:00 2625523                    /usr/lib64/libgpg-error.so.0.19.1
7f22c36de000-7f22c38de000 ---p 00012000 fd:00 2625523                    /usr/lib64/libgpg-error.so.0.19.1
7f22c38de000-7f22c38df000 r--p 00012000 fd:00 2625523                    /usr/lib64/libgpg-error.so.0.19.1
7f22c38df000-7f22c38e0000 rw-p 00013000 fd:00 2625523                    /usr/lib64/libgpg-error.so.0.19.1
7f22c38e0000-7f22c39bc000 r-xp 00000000 fd:00 2627532                    /usr/lib64/libgcrypt.so.20.0.6
7f22c39bc000-7f22c3bbc000 ---p 000dc000 fd:00 2627532                    /usr/lib64/libgcrypt.so.20.0.6
7f22c3bbc000-7f22c3bbd000 r--p 000dc000 fd:00 2627532                    /usr/lib64/libgcrypt.so.20.0.6
7f22c3bbd000-7f22c3bc5000 rw-p 000dd000 fd:00 2627532                    /usr/lib64/libgcrypt.so.20.0.6
7f22c3bc5000-7f22c3bc6000 rw-p 00000000 00:00 0 
7f22c3bc6000-7f22c3bd9000 r-xp 00000000 fd:00 2621543                    /usr/lib64/liblz4.so.1.7.5
7f22c3bd9000-7f22c3dd8000 ---p 00013000 fd:00 2621543                    /usr/lib64/liblz4.so.1.7.5
7f22c3dd8000-7f22c3dd9000 r--p 00012000 fd:00 2621543                    /usr/lib64/liblz4.so.1.7.5
7f22c3dd9000-7f22c3dda000 rw-p 00000000 00:00 0 
7f22c3dda000-7f22c3dff000 r-xp 00000000 fd:00 2625528                    /usr/lib64/liblzma.so.5.2.2
7f22c3dff000-7f22c3ffe000 ---p 00025000 fd:00 2625528                    /usr/lib64/liblzma.so.5.2.2
7f22c3ffe000-7f22c3fff000 r--p 00024000 fd:00 2625528                    /usr/lib64/liblzma.so.5.2.2
7f22c3fff000-7f22c4000000 rw-p 00000000 00:00 0 
7f22c4000000-7f22c40d9000 rw-p 00000000 00:00 0 
7f22c40d9000-7f22c8000000 ---p 00000000 00:00 0 
7f22c8000000-7f22c8021000 rw-p 00000000 00:00 0 
7f22c8021000-7f22cc000000 ---p 00000000 00:00 0 
7f22cc000000-7f22cc1f1000 rw-p 00000000 00:00 0 
7f22cc1f1000-7f22d0000000 ---p 00000000 00:00 0 
7f22d0000000-7f22d00d5000 rw-p 00000000 00:00 0 
7f22d00d5000-7f22d4000000 ---p 00000000 00:00 0 
7f22d4000000-7f22d40b5000 rw-p 00000000 00:00 0 
7f22d40b5000-7f22d8000000 ---p 00000000 00:00 0 
7f22d80bf000-7f22d81c0000 rw-p 00000000 00:00 0 
7f22d81c0000-7f22d81c4000 r-xp 00000000 fd:00 2629175                    /usr/lib64/libcap.so.2.25
7f22d81c4000-7f22d83c3000 ---p 00004000 fd:00 2629175                    /usr/lib64/libcap.so.2.25
7f22d83c3000-7f22d83c4000 r--p 00003000 fd:00 2629175                    /usr/lib64/libcap.so.2.25
7f22d83c4000-7f22d83c5000 rw-p 00004000 fd:00 2629175                    /usr/lib64/libcap.so.2.25
7f22d83c5000-7f22d83c9000 r-xp 00000000 fd:00 2628291                    /usr/lib64/libuuid.so.1.3.0
7f22d83c9000-7f22d85c8000 ---p 00004000 fd:00 2628291                    /usr/lib64/libuuid.so.1.3.0
7f22d85c8000-7f22d85c9000 r--p 00003000 fd:00 2628291                    /usr/lib64/libuuid.so.1.3.0
7f22d85c9000-7f22d85ca000 rw-p 00000000 00:00 0 
7f22d85ca000-7f22d8607000 r-xp 00000000 fd:00 2632174                    /usr/lib64/libblkid.so.1.1.0
7f22d8607000-7f22d8807000 ---p 0003d000 fd:00 2632174                    /usr/lib64/libblkid.so.1.1.0
7f22d8807000-7f22d880b000 r--p 0003d000 fd:00 2632174                    /usr/lib64/libblkid.so.1.1.0
7f22d880b000-7f22d880c000 rw-p 00041000 fd:00 2632174                    /usr/lib64/libblkid.so.1.1.0
7f22d880c000-7f22d880d000 rw-p 00000000 00:00 0 
7f22d880d000-7f22d8836000 r-xp 00000000 fd:00 2629573                    /usr/lib64/libgraphite2.so.3.0.1
7f22d8836000-7f22d8a36000 ---p 00029000 fd:00 2629573                    /usr/lib64/libgraphite2.so.3.0.1
7f22d8a36000-7f22d8a38000 r--p 00029000 fd:00 2629573                    /usr/lib64/libgraphite2.so.3.0.1
7f22d8a38000-7f22d8a39000 rw-p 00000000 00:00 0 
7f22d8a39000-7f22d8a3f000 r-xp 00000000 fd:00 2630369                    /usr/lib64/libdatrie.so.1.3.2
7f22d8a3f000-7f22d8c3f000 ---p 00006000 fd:00 2630369                    /usr/lib64/libdatrie.so.1.3.2
7f22d8c3f000-7f22d8c40000 r--p 00006000 fd:00 2630369                    /usr/lib64/libdatrie.so.1.3.2
7f22d8c40000-7f22d8c41000 rw-p 00000000 00:00 0 
7f22d8c41000-7f22d8c51000 r-xp 00000000 fd:00 2652610                    /usr/lib64/libGLX.so.0.0.0
7f22d8c51000-7f22d8e50000 ---p 00010000 fd:00 2652610                    /usr/lib64/libGLX.so.0.0.0
7f22d8e50000-7f22d8e51000 r--p 0000f000 fd:00 2652610                    /usr/lib64/libGLX.so.0.0.0
7f22d8e51000-7f22d8e52000 rw-p 00010000 fd:00 2652610                    /usr/lib64/libGLX.so.0.0.0
7f22d8e52000-7f22d8e72000 rw-p 00000000 00:00 0 
7f22d8e72000-7f22d8e74000 r-xp 00000000 fd:00 2628340                    /usr/lib64/libXau.so.6.0.0
7f22d8e74000-7f22d9074000 ---p 00002000 fd:00 2628340                    /usr/lib64/libXau.so.6.0.0
7f22d9074000-7f22d9075000 r--p 00002000 fd:00 2628340                    /usr/lib64/libXau.so.6.0.0
7f22d9075000-7f22d9076000 rw-p 00000000 00:00 0 
7f22d9076000-7f22d90e4000 r-xp 00000000 fd:00 2652590                    /usr/lib64/libGLdispatch.so.0.0.0
7f22d90e4000-7f22d92e3000 ---p 0006e000 fd:00 2652590                    /usr/lib64/libGLdispatch.so.0.0.0
7f22d92e3000-7f22d930b000 r--p 0006d000 fd:00 2652590                    /usr/lib64/libGLdispatch.so.0.0.0
7f22d930b000-7f22d930c000 rw-p 00095000 fd:00 2652590                    /usr/lib64/libGLdispatch.so.0.0.0
7f22d930c000-7f22d932c000 rw-p 00000000 00:00 0 
7f22d932c000-7f22d933b000 r-xp 00000000 fd:00 2625490                    /usr/lib64/libbz2.so.1.0.6
7f22d933b000-7f22d953a000 ---p 0000f000 fd:00 2625490                    /usr/lib64/libbz2.so.1.0.6
7f22d953a000-7f22d953b000 r--p 0000e000 fd:00 2625490                    /usr/lib64/libbz2.so.1.0.6
7f22d953b000-7f22d953c000 rw-p 0000f000 fd:00 2625490                    /usr/lib64/libbz2.so.1.0.6
7f22d953c000-7f22e0000000 r--p 00000000 fd:00 2631356                    /usr/lib/locale/locale-archive
7f22e0000000-7f22e0021000 rw-p 00000000 00:00 0 
7f22e0021000-7f22e4000000 ---p 00000000 00:00 0 
7f22e4000000-7f22e4021000 rw-p 00000000 00:00 0 
7f22e4021000-7f22e8000000 ---p 00000000 00:00 0 
7f22e8000000-7f22e8021000 rw-p 00000000 00:00 0 
7f22e8021000-7f22ec000000 ---p 00000000 00:00 0 
7f22ec000000-7f22ec021000 rw-p 00000000 00:00 0 
7f22ec021000-7f22f0000000 ---p 00000000 00:00 0 
7f22f0000000-7f22f0021000 rw-p 00000000 00:00 0 
7f22f0021000-7f22f4000000 ---p 00000000 00:00 0 
7f22f406e000-7f22f407f000 r--p 00000000 fd:00 3671145                    /usr/share/fonts/abattis-cantarell/Cantarell-Regular.otf
7f22f407f000-7f22f4081000 r--s 00000000 fd:00 4726119                    /var/cache/fontconfig/87f5e051180a7a75f16eb6fe7dbd3749-le64.cache-7
7f22f4081000-7f22f408c000 r--s 00000000 fd:00 4721645                    /var/cache/fontconfig/b79f3aaa7d385a141ab53ec885cc22a8-le64.cache-7
7f22f408c000-7f22f408e000 r--s 00000000 fd:00 4722697                    /var/cache/fontconfig/2e1514a9fdd499050989183bb65136db-le64.cache-7
7f22f408e000-7f22f4090000 r--s 00000000 fd:00 4726112                    /var/cache/fontconfig/3f821257dd33660ba7bbb45c32deb84c-le64.cache-7
7f22f4090000-7f22f4093000 r--s 00000000 fd:00 4724245                    /var/cache/fontconfig/b206e14174e2821e837cf852f8b3a00e-le64.cache-7
7f22f4093000-7f22f40a0000 r--s 00000000 fd:00 4724241                    /var/cache/fontconfig/8cf84b531759d4484556eb8586bc5925-le64.cache-7
7f22f40a0000-7f22f40a6000 r--s 00000000 fd:00 4724240                    /var/cache/fontconfig/5e591af9aae0d47be6b958bbbbcd62fb-le64.cache-7
7f22f40a6000-7f22f40c6000 r--s 00000000 fd:00 4722808                    /var/cache/fontconfig/02770245eac059faefae62cb0d56fbcb-le64.cache-7
7f22f40c6000-7f22f4146000 rw-s 00000000 00:05 234618960                  /SYSV00000000 (deleted)
7f22f4146000-7f22f418d000 r-xp 00000000 fd:00 2632178                    /usr/lib64/libmount.so.1.1.0
7f22f418d000-7f22f438c000 ---p 00047000 fd:00 2632178                    /usr/lib64/libmount.so.1.1.0
7f22f438c000-7f22f438e000 r--p 00046000 fd:00 2632178                    /usr/lib64/libmount.so.1.1.0
7f22f438e000-7f22f438f000 rw-p 00048000 fd:00 2632178                    /usr/lib64/libmount.so.1.1.0
7f22f438f000-7f22fc000000 rw-p 00000000 00:00 0 
7f22fc000000-7f22fc021000 rw-p 00000000 00:00 0 
7f22fc021000-7f2300000000 ---p 00000000 00:00 0 
7f2300001000-7f2300002000 r--s 00000000 fd:00 4726154                    /var/cache/fontconfig/4e602040080c966cb821813a3e584564-le64.cache-7
7f2300002000-7f2300005000 r--s 00000000 fd:00 4726153                    /var/cache/fontconfig/830f035fa84a65ce80e050178dbb630d-le64.cache-7
7f2300005000-7f2300006000 r--s 00000000 fd:00 4726152                    /var/cache/fontconfig/81a173283b451552b599cfaafd6236bd-le64.cache-7
7f2300006000-7f2300007000 r--s 00000000 fd:00 4724236                    /var/cache/fontconfig/ac68f755438cc3dc5a526084839fc7ca-le64.cache-7
7f2300007000-7f2300008000 r--s 00000000 fd:00 4726150                    /var/cache/fontconfig/f951a6bc01c50d58ac4af16a0108457e-le64.cache-7
7f2300008000-7f2300009000 r--s 00000000 fd:00 4726149                    /var/cache/fontconfig/8cab66d8f642305e525ba3e322d0979c-le64.cache-7
7f2300009000-7f230000a000 r--s 00000000 fd:00 4726148                    /var/cache/fontconfig/12513961c6e7090f8648812f9eaf65d6-le64.cache-7
7f230000a000-7f230000d000 r--s 00000000 fd:00 4726147                    /var/cache/fontconfig/e26bf336397aae6fcef4d3803472adec-le64.cache-7
7f230000d000-7f2300011000 r--s 00000000 fd:00 4726144                    /var/cache/fontconfig/8aa05f52519ebacbdf5713e01a6153b0-le64.cache-7
7f2300011000-7f2300024000 r--s 00000000 fd:00 4726123                    /var/cache/fontconfig/614d1caaa4d7914789410f6367de37ca-le64.cache-7
7f2300024000-7f230003b000 r-xp 00000000 fd:00 2627203                    /usr/lib64/libresolv-2.24.so
7f230003b000-7f230023b000 ---p 00017000 fd:00 2627203                    /usr/lib64/libresolv-2.24.so
7f230023b000-7f230023c000 r--p 00017000 fd:00 2627203                    /usr/lib64/libresolv-2.24.so
7f230023c000-7f230023d000 rw-p 00018000 fd:00 2627203                    /usr/lib64/libresolv-2.24.so
7f230023d000-7f230023f000 rw-p 00000000 00:00 0 
7f230023f000-7f2300262000 r-xp 00000000 fd:00 2628116                    /usr/lib64/libselinux.so.1
7f2300262000-7f2300462000 ---p 00023000 fd:00 2628116                    /usr/lib64/libselinux.so.1
7f2300462000-7f2300463000 r--p 00023000 fd:00 2628116                    /usr/lib64/libselinux.so.1
7f2300463000-7f2300464000 rw-p 00024000 fd:00 2628116                    /usr/lib64/libselinux.so.1
7f2300464000-7f2300466000 rw-p 00000000 00:00 0 
7f2300466000-7f230046d000 r-xp 00000000 fd:00 2628579                    /usr/lib64/libffi.so.6.0.2
7f230046d000-7f230066c000 ---p 00007000 fd:00 2628579                    /usr/lib64/libffi.so.6.0.2
7f230066c000-7f230066d000 r--p 00006000 fd:00 2628579                    /usr/lib64/libffi.so.6.0.2
7f230066d000-7f230066e000 rw-p 00007000 fd:00 2628579                    /usr/lib64/libffi.so.6.0.2
7f230066e000-7f2300695000 r-xp 00000000 fd:00 2625488                    /usr/lib64/libexpat.so.1.6.2
7f2300695000-7f2300894000 ---p 00027000 fd:00 2625488                    /usr/lib64/libexpat.so.1.6.2
7f2300894000-7f2300897000 r--p 00026000 fd:00 2625488                    /usr/lib64/libexpat.so.1.6.2
7f2300897000-7f2300898000 rw-p 00000000 00:00 0 
7f2300898000-7f23008e6000 r-xp 00000000 fd:00 2648418                    /usr/lib64/libdbus-1.so.3.16.4
7f23008e6000-7f2300ae5000 ---p 0004e000 fd:00 2648418                    /usr/lib64/libdbus-1.so.3.16.4
7f2300ae5000-7f2300ae7000 r--p 0004d000 fd:00 2648418                    /usr/lib64/libdbus-1.so.3.16.4
7f2300ae7000-7f2300ae8000 rw-p 0004f000 fd:00 2648418                    /usr/lib64/libdbus-1.so.3.16.4
7f2300ae8000-7f2300b15000 r-xp 00000000 fd:00 2621605                    /usr/lib64/libatspi.so.0.0.1
7f2300b15000-7f2300d14000 ---p 0002d000 fd:00 2621605                    /usr/lib64/libatspi.so.0.0.1
7f2300d14000-7f2300d17000 r--p 0002c000 fd:00 2621605                    /usr/lib64/libatspi.so.0.0.1
7f2300d17000-7f2300d18000 rw-p 0002f000 fd:00 2621605                    /usr/lib64/libatspi.so.0.0.1
7f2300d18000-7f2300d79000 r-xp 00000000 fd:00 2627068                    /usr/lib64/libharfbuzz.so.0.10302.0
7f2300d79000-7f2300f79000 ---p 00061000 fd:00 2627068                    /usr/lib64/libharfbuzz.so.0.10302.0
7f2300f79000-7f2300f7b000 r--p 00061000 fd:00 2627068                    /usr/lib64/libharfbuzz.so.0.10302.0
7f2300f7b000-7f2300f7c000 rw-p 00063000 fd:00 2627068                    /usr/lib64/libharfbuzz.so.0.10302.0
7f2300f7c000-7f2300f84000 r-xp 00000000 fd:00 2630370                    /usr/lib64/libthai.so.0.3.0
7f2300f84000-7f2301184000 ---p 00008000 fd:00 2630370                    /usr/lib64/libthai.so.0.3.0
7f2301184000-7f2301185000 r--p 00008000 fd:00 2630370                    /usr/lib64/libthai.so.0.3.0
7f2301185000-7f2301186000 rw-p 00009000 fd:00 2630370                    /usr/lib64/libthai.so.0.3.0
7f2301186000-7f23011f8000 r-xp 00000000 fd:00 2624464                    /usr/lib64/libpcre.so.1.2.8
7f23011f8000-7f23013f7000 ---p 00072000 fd:00 2624464                    /usr/lib64/libpcre.so.1.2.8
7f23013f7000-7f23013f8000 r--p 00071000 fd:00 2624464                    /usr/lib64/libpcre.so.1.2.8
7f23013f8000-7f23013f9000 rw-p 00072000 fd:00 2624464                    /usr/lib64/libpcre.so.1.2.8
7f23013f9000-7f230146a000 r-xp 00000000 fd:00 2631384                    /usr/lib64/libGL.so.1.0.0
7f230146a000-7f2301669000 ---p 00071000 fd:00 2631384                    /usr/lib64/libGL.so.1.0.0
7f2301669000-7f2301683000 r--p 00070000 fd:00 2631384                    /usr/lib64/libGL.so.1.0.0
7f2301683000-7f2301684000 rw-p 0008a000 fd:00 2631384                    /usr/lib64/libGL.so.1.0.0
7f2301684000-7f2301685000 rw-p 00000000 00:00 0 
7f2301685000-7f230168e000 r-xp 00000000 fd:00 2629485                    /usr/lib64/libXrender.so.1.3.0
7f230168e000-7f230188d000 ---p 00009000 fd:00 2629485                    /usr/lib64/libXrender.so.1.3.0
7f230188d000-7f230188e000 r--p 00008000 fd:00 2629485                    /usr/lib64/libXrender.so.1.3.0
7f230188e000-7f230188f000 rw-p 00009000 fd:00 2629485                    /usr/lib64/libXrender.so.1.3.0
7f230188f000-7f230189b000 r-xp 00000000 fd:00 2629209                    /usr/lib64/libxcb-render.so.0.0.0
7f230189b000-7f2301a9b000 ---p 0000c000 fd:00 2629209                    /usr/lib64/libxcb-render.so.0.0.0
7f2301a9b000-7f2301a9c000 r--p 0000c000 fd:00 2629209                    /usr/lib64/libxcb-render.so.0.0.0
7f2301a9c000-7f2301a9d000 rw-p 0000d000 fd:00 2629209                    /usr/lib64/libxcb-render.so.0.0.0
7f2301a9d000-7f2301ac4000 r-xp 00000000 fd:00 2629227                    /usr/lib64/libxcb.so.1.1.0
7f2301ac4000-7f2301cc3000 ---p 00027000 fd:00 2629227                    /usr/lib64/libxcb.so.1.1.0
7f2301cc3000-7f2301cc4000 r--p 00026000 fd:00 2629227                    /usr/lib64/libxcb.so.1.1.0
7f2301cc4000-7f2301cc5000 rw-p 00027000 fd:00 2629227                    /usr/lib64/libxcb.so.1.1.0
7f2301cc5000-7f2301cc7000 r-xp 00000000 fd:00 2629494                    /usr/lib64/libxcb-shm.so.0.0.0
7f2301cc7000-7f2301ec7000 ---p 00002000 fd:00 2629494                    /usr/lib64/libxcb-shm.so.0.0.0
7f2301ec7000-7f2301ec8000 r--p 00002000 fd:00 2629494                    /usr/lib64/libxcb-shm.so.0.0.0
7f2301ec8000-7f2301ec9000 rw-p 00003000 fd:00 2629494                    /usr/lib64/libxcb-shm.so.0.0.0
7f2301ec9000-7f2301efa000 r-xp 00000000 fd:00 2628791                    /usr/lib64/libpng16.so.16.27.0
7f2301efa000-7f23020fa000 ---p 00031000 fd:00 2628791                    /usr/lib64/libpng16.so.16.27.0
7f23020fa000-7f23020fb000 r--p 00031000 fd:00 2628791                    /usr/lib64/libpng16.so.16.27.0
7f23020fb000-7f23020fc000 rw-p 00000000 00:00 0 
7f23020fc000-7f230210e000 r-xp 00000000 fd:00 2648563                    /usr/lib64/libEGL.so.1.0.0
7f230210e000-7f230230d000 ---p 00012000 fd:00 2648563                    /usr/lib64/libEGL.so.1.0.0
7f230230d000-7f230230e000 r--p 00011000 fd:00 2648563                    /usr/lib64/libEGL.so.1.0.0
7f230230e000-7f230230f000 rw-p 00012000 fd:00 2648563                    /usr/lib64/libEGL.so.1.0.0
7f230230f000-7f23023b3000 r-xp 00000000 fd:00 2625492                    /usr/lib64/libfreetype.so.6.12.5
7f23023b3000-7f23025b3000 ---p 000a4000 fd:00 2625492                    /usr/lib64/libfreetype.so.6.12.5
7f23025b3000-7f23025b9000 r--p 000a4000 fd:00 2625492                    /usr/lib64/libfreetype.so.6.12.5
7f23025b9000-7f23025ba000 rw-p 00000000 00:00 0 
7f23025ba000-7f230265b000 r-xp 00000000 fd:00 2629005                    /usr/lib64/libpixman-1.so.0.34.0
7f230265b000-7f230285a000 ---p 000a1000 fd:00 2629005                    /usr/lib64/libpixman-1.so.0.34.0
7f230285a000-7f2302862000 r--p 000a0000 fd:00 2629005                    /usr/lib64/libpixman-1.so.0.34.0
7f2302862000-7f2302863000 rw-p 000a8000 fd:00 2629005                    /usr/lib64/libpixman-1.so.0.34.0
7f2302863000-7f2302874000 r-xp 00000000 fd:00 2628346                    /usr/lib64/libXext.so.6.4.0
7f2302874000-7f2302a73000 ---p 00011000 fd:00 2628346                    /usr/lib64/libXext.so.6.4.0
7f2302a73000-7f2302a74000 r--p 00010000 fd:00 2628346                    /usr/lib64/libXext.so.6.4.0
7f2302a74000-7f2302a75000 rw-p 00011000 fd:00 2628346                    /usr/lib64/libXext.so.6.4.0
7f2302a75000-7f2302a81000 r-xp 00000000 fd:00 2628797                    /usr/lib64/libwayland-client.so.0.3.0
7f2302a81000-7f2302c81000 ---p 0000c000 fd:00 2628797                    /usr/lib64/libwayland-client.so.0.3.0
7f2302c81000-7f2302c83000 r--p 0000c000 fd:00 2628797                    /usr/lib64/libwayland-client.so.0.3.0
7f2302c83000-7f2302c84000 rw-p 0000e000 fd:00 2628797                    /usr/lib64/libwayland-client.so.0.3.0
7f2302c84000-7f2302c85000 r-xp 00000000 fd:00 2648370                    /usr/lib64/libwayland-egl.so.1.0.0
7f2302c85000-7f2302e84000 ---p 00001000 fd:00 2648370                    /usr/lib64/libwayland-egl.so.1.0.0
7f2302e84000-7f2302e85000 r--p 00000000 fd:00 2648370                    /usr/lib64/libwayland-egl.so.1.0.0
7f2302e85000-7f2302e86000 rw-p 00000000 00:00 0 
7f2302e86000-7f2302e8a000 r-xp 00000000 fd:00 2628880                    /usr/lib64/libwayland-cursor.so.0.0.0
7f2302e8a000-7f2303089000 ---p 00004000 fd:00 2628880                    /usr/lib64/libwayland-cursor.so.0.0.0
7f2303089000-7f230308a000 r--p 00003000 fd:00 2628880                    /usr/lib64/libwayland-cursor.so.0.0.0
7f230308a000-7f230308e000 rw-p 00004000 fd:00 2628880                    /usr/lib64/libwayland-cursor.so.0.0.0
7f230308e000-7f23030cc000 r-xp 00000000 fd:00 2629955                    /usr/lib64/libxkbcommon.so.0.0.0
7f23030cc000-7f23032cb000 ---p 0003e000 fd:00 2629955                    /usr/lib64/libxkbcommon.so.0.0.0
7f23032cb000-7f23032cd000 r--p 0003d000 fd:00 2629955                    /usr/lib64/libxkbcommon.so.0.0.0
7f23032cd000-7f23032ce000 rw-p 00000000 00:00 0 
7f23032ce000-7f23032d0000 r-xp 00000000 fd:00 2628343                    /usr/lib64/libXdamage.so.1.1.0
7f23032d0000-7f23034cf000 ---p 00002000 fd:00 2628343                    /usr/lib64/libXdamage.so.1.1.0
7f23034cf000-7f23034d0000 r--p 00001000 fd:00 2628343                    /usr/lib64/libXdamage.so.1.1.0
7f23034d0000-7f23034d1000 rw-p 00000000 00:00 0 
7f23034d1000-7f23034d3000 r-xp 00000000 fd:00 2628341                    /usr/lib64/libXcomposite.so.1.0.0
7f23034d3000-7f23036d2000 ---p 00002000 fd:00 2628341                    /usr/lib64/libXcomposite.so.1.0.0
7f23036d2000-7f23036d3000 r--p 00001000 fd:00 2628341                    /usr/lib64/libXcomposite.so.1.0.0
7f23036d3000-7f23036d4000 rw-p 00000000 00:00 0 
7f23036d4000-7f23036dd000 r-xp 00000000 fd:00 2628342                    /usr/lib64/libXcursor.so.1.0.2
7f23036dd000-7f23038dd000 ---p 00009000 fd:00 2628342                    /usr/lib64/libXcursor.so.1.0.2
7f23038dd000-7f23038de000 r--p 00009000 fd:00 2628342                    /usr/lib64/libXcursor.so.1.0.2
7f23038de000-7f23038df000 rw-p 00000000 00:00 0 
7f23038df000-7f23038e9000 r-xp 00000000 fd:00 2630694                    /usr/lib64/libXrandr.so.2.2.0
7f23038e9000-7f2303ae8000 ---p 0000a000 fd:00 2630694                    /usr/lib64/libXrandr.so.2.2.0
7f2303ae8000-7f2303ae9000 r--p 00009000 fd:00 2630694                    /usr/lib64/libXrandr.so.2.2.0
7f2303ae9000-7f2303aea000 rw-p 0000a000 fd:00 2630694                    /usr/lib64/libXrandr.so.2.2.0
7f2303aea000-7f2303aec000 r-xp 00000000 fd:00 2628351                    /usr/lib64/libXinerama.so.1.0.0
7f2303aec000-7f2303ceb000 ---p 00002000 fd:00 2628351                    /usr/lib64/libXinerama.so.1.0.0
7f2303ceb000-7f2303cec000 r--p 00001000 fd:00 2628351                    /usr/lib64/libXinerama.so.1.0.0
7f2303cec000-7f2303ced000 rw-p 00002000 fd:00 2628351                    /usr/lib64/libXinerama.so.1.0.0
7f2303ced000-7f2303dfd000 r-xp 00000000 fd:00 2648345                    /usr/lib64/libglib-2.0.so.0.5000.3
7f2303dfd000-7f2303ffd000 ---p 00110000 fd:00 2648345                    /usr/lib64/libglib-2.0.so.0.5000.3
7f2303ffd000-7f2303ffe000 r--p 00110000 fd:00 2648345                    /usr/lib64/libglib-2.0.so.0.5000.3
7f2303ffe000-7f2303fff000 rw-p 00111000 fd:00 2648345                    /usr/lib64/libglib-2.0.so.0.5000.3
7f2303fff000-7f2304000000 rw-p 00000000 00:00 0 
7f2304000000-7f2304021000 rw-p 00000000 00:00 0 
7f2304021000-7f2308000000 ---p 00000000 00:00 0 
7f2308000000-7f2308021000 rw-p 00000000 00:00 0 
7f2308021000-7f230c000000 ---p 00000000 00:00 0 
7f230c000000-7f230c021000 rw-p 00000000 00:00 0 
7f230c021000-7f2310000000 ---p 00000000 00:00 0 
7f2310000000-7f2310021000 rw-p 00000000 00:00 0 
7f2310021000-7f2314000000 ---p 00000000 00:00 0 
7f2314000000-7f2314021000 rw-p 00000000 00:00 0 
7f2314021000-7f2318000000 ---p 00000000 00:00 0 
7f2318000000-7f2318001000 r--s 00000000 fd:00 4726146                    /var/cache/fontconfig/f132fa2327207a6ac3298c0518879731-le64.cache-7
7f2318001000-7f2318002000 r--s 00000000 fd:00 4723868                    /var/cache/fontconfig/6fcb01a03a016cc71057b587cdea6709-le64.cache-7
7f2318002000-7f2318003000 r--s 00000000 fd:00 4726143                    /var/cache/fontconfig/b887eea8f1b96e1d899b44ed6681fc27-le64.cache-7
7f2318003000-7f2318004000 r--s 00000000 fd:00 4726142                    /var/cache/fontconfig/860639f272b8b4b3094f9e399e41bccd-le64.cache-7
7f2318004000-7f2318005000 r--s 00000000 fd:00 4726141                    /var/cache/fontconfig/5d33f04e74a97395cf88bbd83847f1f1-le64.cache-7
7f2318005000-7f2318006000 r--s 00000000 fd:00 4726140                    /var/cache/fontconfig/df893b4576ad6107f9397134092c4059-le64.cache-7
7f2318006000-7f2318007000 r--s 00000000 fd:00 4726139                    /var/cache/fontconfig/1e1e03b57ed9f0c723c5aeafda46c3fb-le64.cache-7
7f2318007000-7f2318008000 r--s 00000000 fd:00 4726138                    /var/cache/fontconfig/900402270e15d763a6e008bb2d4c7686-le64.cache-7
7f2318008000-7f2318009000 r--s 00000000 fd:00 4726137                    /var/cache/fontconfig/47f48679023f44a4d1e44699a69464f6-le64.cache-7
7f2318009000-7f231800a000 r--s 00000000 fd:00 4726136                    /var/cache/fontconfig/2881ed3fd21ca306ddad6f9b0dd3189f-le64.cache-7
7f231800a000-7f2318015000 r--s 00000000 fd:00 4726121                    /var/cache/fontconfig/12b26b760a24f8b4feb03ad48a333a72-le64.cache-7
7f2318015000-7f2318095000 rw-s 00000000 00:05 234586167                  /SYSV00000000 (deleted)
7f2318095000-7f23180a9000 r--p 00000000 fd:00 4458279                    /usr/share/locale/en_CA/LC_MESSAGES/glib20.mo
7f23180a9000-7f231812f000 r-xp 00000000 fd:00 2621588                    /usr/lib64/libsystemd.so.0.16.0
7f231812f000-7f2318132000 r--p 00085000 fd:00 2621588                    /usr/lib64/libsystemd.so.0.16.0
7f2318132000-7f2318133000 rw-p 00088000 fd:00 2621588                    /usr/lib64/libsystemd.so.0.16.0
7f2318133000-7f2318134000 rw-p 00000000 00:00 0 
7f2318134000-7f2318184000 r-xp 00000000 fd:00 2648347                    /usr/lib64/libgobject-2.0.so.0.5000.3
7f2318184000-7f2318384000 ---p 00050000 fd:00 2648347                    /usr/lib64/libgobject-2.0.so.0.5000.3
7f2318384000-7f2318385000 r--p 00050000 fd:00 2648347                    /usr/lib64/libgobject-2.0.so.0.5000.3
7f2318385000-7f2318386000 rw-p 00051000 fd:00 2648347                    /usr/lib64/libgobject-2.0.so.0.5000.3
7f2318386000-7f2318510000 r-xp 00000000 fd:00 2623803                    /usr/lib64/libgio-2.0.so.0.5000.3
7f2318510000-7f231870f000 ---p 0018a000 fd:00 2623803                    /usr/lib64/libgio-2.0.so.0.5000.3
7f231870f000-7f2318716000 r--p 00189000 fd:00 2623803                    /usr/lib64/libgio-2.0.so.0.5000.3
7f2318716000-7f2318717000 rw-p 00190000 fd:00 2623803                    /usr/lib64/libgio-2.0.so.0.5000.3
7f2318717000-7f2318719000 rw-p 00000000 00:00 0 
7f2318719000-7f2318757000 r-xp 00000000 fd:00 2622180                    /usr/lib64/libfontconfig.so.1.9.2
7f2318757000-7f2318956000 ---p 0003e000 fd:00 2622180                    /usr/lib64/libfontconfig.so.1.9.2
7f2318956000-7f2318958000 r--p 0003d000 fd:00 2622180                    /usr/lib64/libfontconfig.so.1.9.2
7f2318958000-7f231895d000 rw-p 0003f000 fd:00 2622180                    /usr/lib64/libfontconfig.so.1.9.2
7f231895d000-7f23189a5000 r-xp 00000000 fd:00 2628538                    /usr/lib64/libpango-1.0.so.0.4000.4
7f23189a5000-7f2318ba4000 ---p 00048000 fd:00 2628538                    /usr/lib64/libpango-1.0.so.0.4000.4
7f2318ba4000-7f2318ba7000 r--p 00047000 fd:00 2628538                    /usr/lib64/libpango-1.0.so.0.4000.4
7f2318ba7000-7f2318ba8000 rw-p 0004a000 fd:00 2628538                    /usr/lib64/libpango-1.0.so.0.4000.4
7f2318ba8000-7f2318bbc000 r-xp 00000000 fd:00 2634273                    /usr/lib64/libpangoft2-1.0.so.0.4000.4
7f2318bbc000-7f2318dbb000 ---p 00014000 fd:00 2634273                    /usr/lib64/libpangoft2-1.0.so.0.4000.4
7f2318dbb000-7f2318dbc000 r--p 00013000 fd:00 2634273                    /usr/lib64/libpangoft2-1.0.so.0.4000.4
7f2318dbc000-7f2318dbd000 rw-p 00000000 00:00 0 
7f2318dbd000-7f2318eb1000 r-xp 00000000 fd:00 2629296                    /usr/lib64/libepoxy.so.0.0.0
7f2318eb1000-7f23190b1000 ---p 000f4000 fd:00 2629296                    /usr/lib64/libepoxy.so.0.0.0
7f23190b1000-7f23190b8000 r--p 000f4000 fd:00 2629296                    /usr/lib64/libepoxy.so.0.0.0
7f23190b8000-7f23190bf000 rw-p 000fb000 fd:00 2629296                    /usr/lib64/libepoxy.so.0.0.0
7f23190bf000-7f23190eb000 r-xp 00000000 fd:00 2631054                    /usr/lib64/libatk-bridge-2.0.so.0.0.0
7f23190eb000-7f23192eb000 ---p 0002c000 fd:00 2631054                    /usr/lib64/libatk-bridge-2.0.so.0.0.0
7f23192eb000-7f23192ec000 r--p 0002c000 fd:00 2631054                    /usr/lib64/libatk-bridge-2.0.so.0.0.0
7f23192ec000-7f23192ed000 rw-p 0002d000 fd:00 2631054                    /usr/lib64/libatk-bridge-2.0.so.0.0.0
7f23192ed000-7f23192ee000 rw-p 00000000 00:00 0 
7f23192ee000-7f2319310000 r-xp 00000000 fd:00 2631444                    /usr/lib64/libatk-1.0.so.0.22209.1
7f2319310000-7f2319510000 ---p 00022000 fd:00 2631444                    /usr/lib64/libatk-1.0.so.0.22209.1
7f2319510000-7f2319513000 r--p 00022000 fd:00 2631444                    /usr/lib64/libatk-1.0.so.0.22209.1
7f2319513000-7f2319514000 rw-p 00025000 fd:00 2631444                    /usr/lib64/libatk-1.0.so.0.22209.1
7f2319514000-7f2319539000 r-xp 00000000 fd:00 2648400                    /usr/lib64/libgdk_pixbuf-2.0.so.0.3600.5
7f2319539000-7f2319739000 ---p 00025000 fd:00 2648400                    /usr/lib64/libgdk_pixbuf-2.0.so.0.3600.5
7f2319739000-7f231973a000 r--p 00025000 fd:00 2648400                    /usr/lib64/libgdk_pixbuf-2.0.so.0.3600.5
7f231973a000-7f231973b000 rw-p 00026000 fd:00 2648400                    /usr/lib64/libgdk_pixbuf-2.0.so.0.3600.5
7f231973b000-7f2319742000 r-xp 00000000 fd:00 2628882                    /usr/lib64/libcairo-gobject.so.2.11400.8
7f2319742000-7f2319941000 ---p 00007000 fd:00 2628882                    /usr/lib64/libcairo-gobject.so.2.11400.8
7f2319941000-7f2319943000 r--p 00006000 fd:00 2628882                    /usr/lib64/libcairo-gobject.so.2.11400.8
7f2319943000-7f2319944000 rw-p 00000000 00:00 0 
7f2319944000-7f2319949000 r-xp 00000000 fd:00 2625539                    /usr/lib64/libXfixes.so.3.1.0
7f2319949000-7f2319b48000 ---p 00005000 fd:00 2625539                    /usr/lib64/libXfixes.so.3.1.0
7f2319b48000-7f2319b49000 r--p 00004000 fd:00 2625539                    /usr/lib64/libXfixes.so.3.1.0
7f2319b49000-7f2319b4a000 rw-p 00005000 fd:00 2625539                    /usr/lib64/libXfixes.so.3.1.0
7f2319b4a000-7f2319b59000 r-xp 00000000 fd:00 2623064                    /usr/lib64/libXi.so.6.1.0
7f2319b59000-7f2319d58000 ---p 0000f000 fd:00 2623064                    /usr/lib64/libXi.so.6.1.0
7f2319d58000-7f2319d59000 r--p 0000e000 fd:00 2623064                    /usr/lib64/libXi.so.6.1.0
7f2319d59000-7f2319d5a000 rw-p 0000f000 fd:00 2623064                    /usr/lib64/libXi.so.6.1.0
7f2319d5a000-7f2319e92000 r-xp 00000000 fd:00 2631942                    /usr/lib64/libX11.so.6.3.0
7f2319e92000-7f231a092000 ---p 00138000 fd:00 2631942                    /usr/lib64/libX11.so.6.3.0
7f231a092000-7f231a095000 r--p 00138000 fd:00 2631942                    /usr/lib64/libX11.so.6.3.0
7f231a095000-7f231a099000 rw-p 0013b000 fd:00 2631942                    /usr/lib64/libX11.so.6.3.0
7f231a099000-7f231a0a5000 r-xp 00000000 fd:00 2634272                    /usr/lib64/libpangocairo-1.0.so.0.4000.4
7f231a0a5000-7f231a2a4000 ---p 0000c000 fd:00 2634272                    /usr/lib64/libpangocairo-1.0.so.0.4000.4
7f231a2a4000-7f231a2a5000 r--p 0000b000 fd:00 2634272                    /usr/lib64/libpangocairo-1.0.so.0.4000.4
7f231a2a5000-7f231a2a6000 rw-p 0000c000 fd:00 2634272                    /usr/lib64/libpangocairo-1.0.so.0.4000.4
7f231a2a6000-7f231a2a9000 r-xp 00000000 fd:00 2648346                    /usr/lib64/libgmodule-2.0.so.0.5000.3
7f231a2a9000-7f231a4a8000 ---p 00003000 fd:00 2648346                    /usr/lib64/libgmodule-2.0.so.0.5000.3
7f231a4a8000-7f231a4a9000 r--p 00002000 fd:00 2648346                    /usr/lib64/libgmodule-2.0.so.0.5000.3
7f231a4a9000-7f231a4aa000 rw-p 00003000 fd:00 2648346                    /usr/lib64/libgmodule-2.0.so.0.5000.3
7f231a4aa000-7f231a4af000 r-xp 00000000 fd:00 2629499                    /usr/lib64/libXtst.so.6.1.0
7f231a4af000-7f231a6ae000 ---p 00005000 fd:00 2629499                    /usr/lib64/libXtst.so.6.1.0
7f231a6ae000-7f231a6af000 r--p 00004000 fd:00 2629499                    /usr/lib64/libXtst.so.6.1.0
7f231a6af000-7f231a6b0000 rw-p 00005000 fd:00 2629499                    /usr/lib64/libXtst.so.6.1.0
7f231a6b0000-7f231a6b1000 r-xp 00000000 fd:00 2648348                    /usr/lib64/libgthread-2.0.so.0.5000.3
7f231a6b1000-7f231a8b0000 ---p 00001000 fd:00 2648348                    /usr/lib64/libgthread-2.0.so.0.5000.3
7f231a8b0000-7f231a8b1000 r--p 00000000 fd:00 2648348                    /usr/lib64/libgthread-2.0.so.0.5000.3
7f231a8b1000-7f231a8b2000 rw-p 00000000 00:00 0 
7f231a8b2000-7f231a9d4000 r-xp 00000000 fd:00 2621968                    /usr/lib64/libcairo.so.2.11400.8
7f231a9d4000-7f231abd4000 ---p 00122000 fd:00 2621968                    /usr/lib64/libcairo.so.2.11400.8
7f231abd4000-7f231abd8000 r--p 00122000 fd:00 2621968                    /usr/lib64/libcairo.so.2.11400.8
7f231abd8000-7f231abd9000 rw-p 00126000 fd:00 2621968                    /usr/lib64/libcairo.so.2.11400.8
7f231abd9000-7f231abdb000 rw-p 00000000 00:00 0 
7f231abdb000-7f231acc6000 r-xp 00000000 fd:00 2648568                    /usr/lib64/libgdk-3.so.0.2200.10
7f231acc6000-7f231aec6000 ---p 000eb000 fd:00 2648568                    /usr/lib64/libgdk-3.so.0.2200.10
7f231aec6000-7f231aece000 r--p 000eb000 fd:00 2648568                    /usr/lib64/libgdk-3.so.0.2200.10
7f231aece000-7f231aed0000 rw-p 000f3000 fd:00 2648568                    /usr/lib64/libgdk-3.so.0.2200.10
7f231aed0000-7f231b5c9000 r-xp 00000000 fd:00 2648569                    /usr/lib64/libgtk-3.so.0.2200.10
7f231b5c9000-7f231b7c8000 ---p 006f9000 fd:00 2648569                    /usr/lib64/libgtk-3.so.0.2200.10
7f231b7c8000-7f231b7d7000 r--p 006f8000 fd:00 2648569                    /usr/lib64/libgtk-3.so.0.2200.10
7f231b7d7000-7f231b7d9000 rw-p 00707000 fd:00 2648569                    /usr/lib64/libgtk-3.so.0.2200.10
7f231b7d9000-7f231b7df000 rw-p 00000000 00:00 0 
7f231b7df000-7f231b7e0000 r--s 00000000 fd:00 4726110                    /var/cache/fontconfig/3c3fb04d32a5211b073874b125d29701-le64.cache-7
7f231b7e0000-7f231b7e1000 r--s 00000000 fd:00 4723209                    /var/cache/fontconfig/aa1e7e339e8ba54420bca0caa86a076f-le64.cache-7
7f231b7e1000-7f231b7e2000 r--s 00000000 fd:00 4726134                    /var/cache/fontconfig/e61abf8156cc476151baa07d67337cae-le64.cache-7
7f231b7e2000-7f231b7e7000 r--s 00000000 fd:00 4726133                    /var/cache/fontconfig/b67b32625a2bb51b023d3814a918f351-le64.cache-7
7f231b7e7000-7f231b806000 r--p 00000000 fd:00 4470306                    /usr/share/locale/en_CA/LC_MESSAGES/gtk30-properties.mo
7f231b806000-7f231b873000 r-xp 00000000 fd:00 1979931                    /home/lufimtse/git/eclipse.platform.swt.binaries/bundles/org.eclipse.swt.gtk.linux.x86_64/libswt-pi3-gtk-4751.so
7f231b873000-7f231ba72000 ---p 0006d000 fd:00 1979931                    /home/lufimtse/git/eclipse.platform.swt.binaries/bundles/org.eclipse.swt.gtk.linux.x86_64/libswt-pi3-gtk-4751.so
7f231ba72000-7f231ba73000 r--p 0006c000 fd:00 1979931                    /home/lufimtse/git/eclipse.platform.swt.binaries/bundles/org.eclipse.swt.gtk.linux.x86_64/libswt-pi3-gtk-4751.so
7f231ba73000-7f231ba76000 rw-p 0006d000 fd:00 1979931                    /home/lufimtse/git/eclipse.platform.swt.binaries/bundles/org.eclipse.swt.gtk.linux.x86_64/libswt-pi3-gtk-4751.so
7f231ba76000-7f231ba77000 rw-p 00000000 00:00 0 
7f231ba77000-7f231baf3000 r-xp 00000000 fd:00 1979857                    /home/lufimtse/git/eclipse.platform.swt.binaries/bundles/org.eclipse.swt.gtk.linux.x86_64/libswt-gtk-4751.so
7f231baf3000-7f231bcf2000 ---p 0007c000 fd:00 1979857                    /home/lufimtse/git/eclipse.platform.swt.binaries/bundles/org.eclipse.swt.gtk.linux.x86_64/libswt-gtk-4751.so
7f231bcf2000-7f231bcf3000 r--p 0007b000 fd:00 1979857                    /home/lufimtse/git/eclipse.platform.swt.binaries/bundles/org.eclipse.swt.gtk.linux.x86_64/libswt-gtk-4751.so
7f231bcf3000-7f231bcfa000 rw-p 0007c000 fd:00 1979857                    /home/lufimtse/git/eclipse.platform.swt.binaries/bundles/org.eclipse.swt.gtk.linux.x86_64/libswt-gtk-4751.so
7f231bcfa000-7f231bcfd000 rw-p 00000000 00:00 0 
7f231bcfd000-7f231bcfe000 ---p 00000000 00:00 0 
7f231bcfe000-7f231bdfe000 rw-p 00000000 00:00 0 
7f231bdfe000-7f231be01000 ---p 00000000 00:00 0 
7f231be01000-7f231beff000 rw-p 00000000 00:00 0 
7f231beff000-7f231bf02000 ---p 00000000 00:00 0 
7f231bf02000-7f231c000000 rw-p 00000000 00:00 0 
7f231c000000-7f231c021000 rw-p 00000000 00:00 0 
7f231c021000-7f2320000000 ---p 00000000 00:00 0 
7f2320000000-7f2320002000 r--s 00000000 fd:00 4726132                    /var/cache/fontconfig/d3379abda271c4acd2ad0c01f565d0b0-le64.cache-7
7f2320002000-7f2320003000 r--s 00000000 fd:00 4726131                    /var/cache/fontconfig/b4d0b56f766d89640448751fcd18ec1e-le64.cache-7
7f2320003000-7f2320006000 r--s 00000000 fd:00 4729838                    /var/cache/fontconfig/7ee6df7a8311986241317a58487e0145-le64.cache-7
7f2320006000-7f2320008000 r--s 00000000 fd:00 4726127                    /var/cache/fontconfig/99a1ce9f8b6a0434aadb01d3779b0780-le64.cache-7
7f2320008000-7f232000a000 r--s 00000000 fd:00 4726125                    /var/cache/fontconfig/f9d379b867d7c69c85310a4f24e5228f-le64.cache-7
7f232000a000-7f232000d000 ---p 00000000 00:00 0 
7f232000d000-7f232010b000 rw-p 00000000 00:00 0 
7f232010b000-7f232010e000 ---p 00000000 00:00 0 
7f232010e000-7f232020c000 rw-p 00000000 00:00 0 
7f232020c000-7f232020f000 ---p 00000000 00:00 0 
7f232020f000-7f232030d000 rw-p 00000000 00:00 0 
7f232030d000-7f2320310000 ---p 00000000 00:00 0 
7f2320310000-7f232040e000 rw-p 00000000 00:00 0 
7f232040e000-7f2320411000 ---p 00000000 00:00 0 
7f2320411000-7f232050f000 rw-p 00000000 00:00 0 
7f232050f000-7f2320512000 ---p 00000000 00:00 0 
7f2320512000-7f2320610000 rw-p 00000000 00:00 0 
7f2320610000-7f2320611000 ---p 00000000 00:00 0 
7f2320611000-7f23223a2000 rw-p 00000000 00:00 0 
7f23223a2000-7f2322570000 r--s 043e0000 fd:00 3033189                    /usr/lib/jvm/java-1.8.0-openjdk-1.8.0.121-8.b14.fc25.x86_64/jre/lib/rt.jar
7f2322570000-7f2322b30000 rw-p 00000000 00:00 0 
7f2322b30000-7f2322d70000 ---p 00000000 00:00 0 
7f2322d70000-7f2323537000 rw-p 00000000 00:00 0 
7f2323537000-7f2323538000 ---p 00000000 00:00 0 
7f2323538000-7f2323638000 rw-p 00000000 00:00 0 
7f2323638000-7f2323639000 ---p 00000000 00:00 0 
7f2323639000-7f2323739000 rw-p 00000000 00:00 0 
7f2323739000-7f232373a000 ---p 00000000 00:00 0 
7f232373a000-7f232383a000 rw-p 00000000 00:00 0 
7f232383a000-7f232383b000 ---p 00000000 00:00 0 
7f232383b000-7f232393b000 rw-p 00000000 00:00 0 
7f232393b000-7f232393c000 ---p 00000000 00:00 0 
7f232393c000-7f2323a3c000 rw-p 00000000 00:00 0 
7f2323a3c000-7f2323a3d000 ---p 00000000 00:00 0 
7f2323a3d000-7f2323b3d000 rw-p 00000000 00:00 0 
7f2323b3d000-7f2323b3e000 ---p 00000000 00:00 0 
7f2323b3e000-7f2323c3e000 rw-p 00000000 00:00 0 
7f2323c3e000-7f2323c3f000 ---p 00000000 00:00 0 
7f2323c3f000-7f2323d93000 rw-p 00000000 00:00 0 
7f2323d93000-7f232426f000 ---p 00000000 00:00 0 
7f232426f000-7f23242c3000 rw-p 00000000 00:00 0 
7f23242c3000-7f232479e000 ---p 00000000 00:00 0 
7f232479e000-7f23247c8000 rw-p 00000000 00:00 0 
7f23247c8000-7f2324a36000 ---p 00000000 00:00 0 
7f2324a36000-7f2324a41000 rw-p 00000000 00:00 0 
7f2324a41000-7f2324df7000 ---p 00000000 00:00 0 
7f2324df7000-7f2325067000 rwxp 00000000 00:00 0 
7f2325067000-7f2333df7000 ---p 00000000 00:00 0 
7f2333df7000-7f2333dff000 r-xp 00000000 fd:00 3033150                    /usr/lib/jvm/java-1.8.0-openjdk-1.8.0.121-8.b14.fc25.x86_64/jre/lib/amd64/libzip.so
7f2333dff000-7f2333ffe000 ---p 00008000 fd:00 3033150                    /usr/lib/jvm/java-1.8.0-openjdk-1.8.0.121-8.b14.fc25.x86_64/jre/lib/amd64/libzip.so
7f2333ffe000-7f2333fff000 r--p 00007000 fd:00 3033150                    /usr/lib/jvm/java-1.8.0-openjdk-1.8.0.121-8.b14.fc25.x86_64/jre/lib/amd64/libzip.so
7f2333fff000-7f2334000000 rw-p 00000000 00:00 0 
7f2334000000-7f233560f000 rw-p 00000000 00:00 0 
7f233560f000-7f2338000000 ---p 00000000 00:00 0 
7f2338000000-7f2338007000 r--s 00000000 fd:00 4726116                    /var/cache/fontconfig/a116919b8bdb14ffaacd61d02e607fb8-le64.cache-7
7f2338007000-7f233800c000 r--s 00000000 fd:00 4726108                    /var/cache/fontconfig/a289f7e03715303a9a1b010d74c00c6a-le64.cache-7
7f233800c000-7f233800e000 r--s 00000000 fd:00 4726114                    /var/cache/fontconfig/3640555adad8a8f6978400293cfce7ab-le64.cache-7
7f233800e000-7f2338084000 rw-p 00000000 00:00 0 
7f2338084000-7f233808e000 r-xp 00000000 fd:00 2627174                    /usr/lib64/libnss_files-2.24.so
7f233808e000-7f233828e000 ---p 0000a000 fd:00 2627174                    /usr/lib64/libnss_files-2.24.so
7f233828e000-7f233828f000 r--p 0000a000 fd:00 2627174                    /usr/lib64/libnss_files-2.24.so
7f233828f000-7f2338290000 rw-p 0000b000 fd:00 2627174                    /usr/lib64/libnss_files-2.24.so
7f2338290000-7f2338296000 rw-p 00000000 00:00 0 
7f2338296000-7f23382c3000 r-xp 00000000 fd:00 3033132                    /usr/lib/jvm/java-1.8.0-openjdk-1.8.0.121-8.b14.fc25.x86_64/jre/lib/amd64/libjava.so
7f23382c3000-7f23384c3000 ---p 0002d000 fd:00 3033132                    /usr/lib/jvm/java-1.8.0-openjdk-1.8.0.121-8.b14.fc25.x86_64/jre/lib/amd64/libjava.so
7f23384c3000-7f23384c4000 r--p 0002d000 fd:00 3033132                    /usr/lib/jvm/java-1.8.0-openjdk-1.8.0.121-8.b14.fc25.x86_64/jre/lib/amd64/libjava.so
7f23384c4000-7f23384c5000 rw-p 0002e000 fd:00 3033132                    /usr/lib/jvm/java-1.8.0-openjdk-1.8.0.121-8.b14.fc25.x86_64/jre/lib/amd64/libjava.so
7f23384c5000-7f23384c6000 rw-p 00000000 00:00 0 
7f23384c6000-7f23384d3000 r-xp 00000000 fd:00 3033149                    /usr/lib/jvm/java-1.8.0-openjdk-1.8.0.121-8.b14.fc25.x86_64/jre/lib/amd64/libverify.so
7f23384d3000-7f23386d2000 ---p 0000d000 fd:00 3033149                    /usr/lib/jvm/java-1.8.0-openjdk-1.8.0.121-8.b14.fc25.x86_64/jre/lib/amd64/libverify.so
7f23386d2000-7f23386d4000 r--p 0000c000 fd:00 3033149                    /usr/lib/jvm/java-1.8.0-openjdk-1.8.0.121-8.b14.fc25.x86_64/jre/lib/amd64/libverify.so
7f23386d4000-7f23386d5000 rw-p 00000000 00:00 0 
7f23386d5000-7f23386dc000 r-xp 00000000 fd:00 2627210                    /usr/lib64/librt-2.24.so
7f23386dc000-7f23388db000 ---p 00007000 fd:00 2627210                    /usr/lib64/librt-2.24.so
7f23388db000-7f23388dc000 r--p 00006000 fd:00 2627210                    /usr/lib64/librt-2.24.so
7f23388dc000-7f23388dd000 rw-p 00007000 fd:00 2627210                    /usr/lib64/librt-2.24.so
7f23388dd000-7f23388f3000 r-xp 00000000 fd:00 2623185                    /usr/lib64/libgcc_s-6.3.1-20161221.so.1
7f23388f3000-7f2338af2000 ---p 00016000 fd:00 2623185                    /usr/lib64/libgcc_s-6.3.1-20161221.so.1
7f2338af2000-7f2338af3000 r--p 00015000 fd:00 2623185                    /usr/lib64/libgcc_s-6.3.1-20161221.so.1
7f2338af3000-7f2338af4000 rw-p 00016000 fd:00 2623185                    /usr/lib64/libgcc_s-6.3.1-20161221.so.1
7f2338af4000-7f2338bfc000 r-xp 00000000 fd:00 2626669                    /usr/lib64/libm-2.24.so
7f2338bfc000-7f2338dfb000 ---p 00108000 fd:00 2626669                    /usr/lib64/libm-2.24.so
7f2338dfb000-7f2338dfc000 r--p 00107000 fd:00 2626669                    /usr/lib64/libm-2.24.so
7f2338dfc000-7f2338dfd000 rw-p 00108000 fd:00 2626669                    /usr/lib64/libm-2.24.so
7f2338dfd000-7f2338f75000 r-xp 00000000 fd:00 2627774                    /usr/lib64/libstdc++.so.6.0.22
7f2338f75000-7f2339175000 ---p 00178000 fd:00 2627774                    /usr/lib64/libstdc++.so.6.0.22
7f2339175000-7f233917f000 r--p 00178000 fd:00 2627774                    /usr/lib64/libstdc++.so.6.0.22
7f233917f000-7f2339181000 rw-p 00182000 fd:00 2627774                    /usr/lib64/libstdc++.so.6.0.22
7f2339181000-7f2339185000 rw-p 00000000 00:00 0 
7f2339185000-7f2339e1f000 r-xp 00000000 fd:00 3033154                    /usr/lib/jvm/java-1.8.0-openjdk-1.8.0.121-8.b14.fc25.x86_64/jre/lib/amd64/server/libjvm.so
7f2339e1f000-7f233a01e000 ---p 00c9a000 fd:00 3033154                    /usr/lib/jvm/java-1.8.0-openjdk-1.8.0.121-8.b14.fc25.x86_64/jre/lib/amd64/server/libjvm.so
7f233a01e000-7f233a0b4000 r--p 00c99000 fd:00 3033154                    /usr/lib/jvm/java-1.8.0-openjdk-1.8.0.121-8.b14.fc25.x86_64/jre/lib/amd64/server/libjvm.so
7f233a0b4000-7f233a0dd000 rw-p 00d2f000 fd:00 3033154                    /usr/lib/jvm/java-1.8.0-openjdk-1.8.0.121-8.b14.fc25.x86_64/jre/lib/amd64/server/libjvm.so
7f233a0dd000-7f233a10d000 rw-p 00000000 00:00 0 
7f233a10d000-7f233a2ca000 r-xp 00000000 fd:00 2625646                    /usr/lib64/libc-2.24.so
7f233a2ca000-7f233a4c9000 ---p 001bd000 fd:00 2625646                    /usr/lib64/libc-2.24.so
7f233a4c9000-7f233a4cd000 r--p 001bc000 fd:00 2625646                    /usr/lib64/libc-2.24.so
7f233a4cd000-7f233a4cf000 rw-p 001c0000 fd:00 2625646                    /usr/lib64/libc-2.24.so
7f233a4cf000-7f233a4d3000 rw-p 00000000 00:00 0 
7f233a4d3000-7f233a4d6000 r-xp 00000000 fd:00 2626668                    /usr/lib64/libdl-2.24.so
7f233a4d6000-7f233a6d5000 ---p 00003000 fd:00 2626668                    /usr/lib64/libdl-2.24.so
7f233a6d5000-7f233a6d6000 r--p 00002000 fd:00 2626668                    /usr/lib64/libdl-2.24.so
7f233a6d6000-7f233a6d7000 rw-p 00003000 fd:00 2626668                    /usr/lib64/libdl-2.24.so
7f233a6d7000-7f233a6e4000 r-xp 00000000 fd:00 3554797                    /usr/lib/jvm/java-1.8.0-openjdk-1.8.0.121-8.b14.fc25.x86_64/lib/amd64/jli/libjli.so
7f233a6e4000-7f233a8e4000 ---p 0000d000 fd:00 3554797                    /usr/lib/jvm/java-1.8.0-openjdk-1.8.0.121-8.b14.fc25.x86_64/lib/amd64/jli/libjli.so
7f233a8e4000-7f233a8e5000 r--p 0000d000 fd:00 3554797                    /usr/lib/jvm/java-1.8.0-openjdk-1.8.0.121-8.b14.fc25.x86_64/lib/amd64/jli/libjli.so
7f233a8e5000-7f233a8e6000 rw-p 00000000 00:00 0 
7f233a8e6000-7f233a8fb000 r-xp 00000000 fd:00 2625471                    /usr/lib64/libz.so.1.2.8
7f233a8fb000-7f233aafa000 ---p 00015000 fd:00 2625471                    /usr/lib64/libz.so.1.2.8
7f233aafa000-7f233aafb000 r--p 00014000 fd:00 2625471                    /usr/lib64/libz.so.1.2.8
7f233aafb000-7f233aafc000 rw-p 00015000 fd:00 2625471                    /usr/lib64/libz.so.1.2.8
7f233aafc000-7f233ab14000 r-xp 00000000 fd:00 2627185                    /usr/lib64/libpthread-2.24.so
7f233ab14000-7f233ad14000 ---p 00018000 fd:00 2627185                    /usr/lib64/libpthread-2.24.so
7f233ad14000-7f233ad15000 r--p 00018000 fd:00 2627185                    /usr/lib64/libpthread-2.24.so
7f233ad15000-7f233ad16000 rw-p 00019000 fd:00 2627185                    /usr/lib64/libpthread-2.24.so
7f233ad16000-7f233ad1a000 rw-p 00000000 00:00 0 
7f233ad1a000-7f233ad3f000 r-xp 00000000 fd:00 2622986                    /usr/lib64/ld-2.24.so
7f233ad3f000-7f233ad40000 r--s 00000000 fd:00 4726124                    /var/cache/fontconfig/a0c19c2c21e758d73376b5942921cc72-le64.cache-7
7f233ad40000-7f233ae11000 rw-p 00000000 00:00 0 
7f233ae11000-7f233ae14000 ---p 00000000 00:00 0 
7f233ae14000-7f233af16000 rw-p 00000000 00:00 0 
7f233af16000-7f233af17000 r--s 00000000 fd:00 4722696                    /var/cache/fontconfig/0f80fa86029ae75a63f21d682b864529-le64.cache-7
7f233af17000-7f233af19000 r--s 00000000 fd:00 4722662                    /var/cache/fontconfig/b3043b29744cf0a429678d296f5e4026-le64.cache-7
7f233af19000-7f233af1d000 r--s 00000000 fd:00 4726157                    /var/cache/fontconfig/beeeeb3dfe132a8a0633a017c99ce0c0-le64.cache-7
7f233af1d000-7f233af22000 r--p 00000000 fd:00 4458563                    /usr/share/locale/en_CA/LC_MESSAGES/gdk-pixbuf.mo
7f233af22000-7f233af24000 r--p 00000000 fd:00 4459050                    /usr/share/locale/en_CA/LC_MESSAGES/atk10.mo
7f233af24000-7f233af25000 r--p 00000000 fd:00 4466788                    /usr/share/locale/en/LC_MESSAGES/gtk30-properties.mo
7f233af25000-7f233af2c000 r--s 00000000 fd:00 3016446                    /usr/lib64/gconv/gconv-modules.cache
7f233af2c000-7f233af33000 r--p 00000000 fd:00 4470287                    /usr/share/locale/en_CA/LC_MESSAGES/gtk30.mo
7f233af33000-7f233af3b000 rw-s 00000000 00:28 14469863                   /tmp/hsperfdata_lufimtse/27186
7f233af3b000-7f233af3c000 rw-p 00000000 00:00 0 
7f233af3c000-7f233af3d000 r--p 00000000 00:00 0 
7f233af3d000-7f233af3f000 rw-p 00000000 00:00 0 
7f233af3f000-7f233af40000 r--p 00025000 fd:00 2622986                    /usr/lib64/ld-2.24.so
7f233af40000-7f233af41000 rw-p 00026000 fd:00 2622986                    /usr/lib64/ld-2.24.so
7f233af41000-7f233af42000 rw-p 00000000 00:00 0 
7ffdb855c000-7ffdb857d000 rw-p 00000000 00:00 0                          [stack]
7ffdb858c000-7ffdb858e000 r--p 00000000 00:00 0                          [vvar]
7ffdb858e000-7ffdb8590000 r-xp 00000000 00:00 0                          [vdso]
ffffffffff600000-ffffffffff601000 r-xp 00000000 00:00 0                  [vsyscall]

VM Arguments:
jvm_args: -Djava.library.path=/home/lufimtse/git/eclipse.platform.swt.binaries/bundles/org.eclipse.swt.gtk.linux.x86_64 -Dfile.encoding=UTF-8 
java_command: tabfolder.Bug510803_TabFolder_editable_table_brokenGtk3
java_class_path (initial): /home/lufimtse/git/SWT-snippets/bin:/home/lufimtse/git/eclipse.platform.swt/bundles/org.eclipse.swt/bin
Launcher Type: SUN_STANDARD

Environment Variables:
JAVA_HOME=/usr/lib/jvm/java/
PATH=/usr/lib64/qt-3.3/bin:/usr/lib64/ccache:/usr/local/bin:/usr/local/sbin:/usr/bin:/usr/sbin:/home/lufimtse/.local/bin:/home/lufimtse/bin:/home/lufimtse/git/LDT/path:/home/lufimtse/git/LDT/path:/home/lufimtse/.local/bin:/home/lufimtse/bin:/home/lufimtse/git/LDT/path
USERNAME=lufimtse
SHELL=/bin/bash
DISPLAY=:0

Signal Handlers:
SIGSEGV: [libjvm.so+0xaa41b0], sa_mask[0]=11111111011111111101111111111110, sa_flags=SA_RESTART|SA_SIGINFO
SIGBUS: [libjvm.so+0xaa41b0], sa_mask[0]=11111111011111111101111111111110, sa_flags=SA_RESTART|SA_SIGINFO
SIGFPE: [libjvm.so+0x8c8250], sa_mask[0]=11111111011111111101111111111110, sa_flags=SA_RESTART|SA_SIGINFO
SIGPIPE: SIG_IGN, sa_mask[0]=00000000000010000000000000000000, sa_flags=SA_RESTART
SIGXFSZ: [libjvm.so+0x8c8250], sa_mask[0]=11111111011111111101111111111110, sa_flags=SA_RESTART|SA_SIGINFO
SIGILL: [libjvm.so+0x8c8250], sa_mask[0]=11111111011111111101111111111110, sa_flags=SA_RESTART|SA_SIGINFO
SIGUSR1: SIG_DFL, sa_mask[0]=00000000000000000000000000000000, sa_flags=none
SIGUSR2: [libjvm.so+0x8c8100], sa_mask[0]=00100000000000000000000000000000, sa_flags=SA_RESTART|SA_SIGINFO
SIGHUP: [libjvm.so+0x8c85b0], sa_mask[0]=11111111011111111101111111111110, sa_flags=SA_RESTART|SA_SIGINFO
SIGINT: [libjvm.so+0x8c85b0], sa_mask[0]=11111111011111111101111111111110, sa_flags=SA_RESTART|SA_SIGINFO
SIGTERM: [libjvm.so+0x8c85b0], sa_mask[0]=11111111011111111101111111111110, sa_flags=SA_RESTART|SA_SIGINFO
SIGQUIT: [libjvm.so+0x8c85b0], sa_mask[0]=11111111011111111101111111111110, sa_flags=SA_RESTART|SA_SIGINFO


---------------  S Y S T E M  ---------------

OS:Fedora release 25 (Twenty Five)

uname:Linux 4.9.3-201.pgierMacbook.fc25.x86_64 #1 SMP Sat Jan 14 21:43:21 UTC 2017 x86_64
libc:glibc 2.24 NPTL 2.24 
rlimit: STACK 8192k, CORE infinity, NPROC 61911, NOFILE 4096, AS infinity
load average:1.33 0.68 0.39

/proc/meminfo:
MemTotal:       16306196 kB
MemFree:          239976 kB
MemAvailable:    6391760 kB
Buffers:          660164 kB
Cached:          5090160 kB
SwapCached:            0 kB
Active:         13007184 kB
Inactive:        1457588 kB
Active(anon):    8788292 kB
Inactive(anon):   187472 kB
Active(file):    4218892 kB
Inactive(file):  1270116 kB
Unevictable:        6500 kB
Mlocked:            6500 kB
SwapTotal:             0 kB
SwapFree:              0 kB
Dirty:              2112 kB
Writeback:             0 kB
AnonPages:       8721340 kB
Mapped:           611688 kB
Shmem:            261316 kB
Slab:            1189964 kB
SReclaimable:    1005088 kB
SUnreclaim:       184876 kB
KernelStack:       20704 kB
PageTables:        87628 kB
NFS_Unstable:          0 kB
Bounce:                0 kB
WritebackTmp:          0 kB
CommitLimit:     8153096 kB
Committed_AS:   19751812 kB
VmallocTotal:   34359738367 kB
VmallocUsed:           0 kB
VmallocChunk:          0 kB
HardwareCorrupted:     0 kB
AnonHugePages:         0 kB
ShmemHugePages:        0 kB
ShmemPmdMapped:        0 kB
CmaTotal:              0 kB
CmaFree:               0 kB
HugePages_Total:       0
HugePages_Free:        0
HugePages_Rsvd:        0
HugePages_Surp:        0
Hugepagesize:       2048 kB
DirectMap4k:    16140892 kB
DirectMap2M:      509952 kB
DirectMap1G:           0 kB


CPU:total 8 (4 cores per cpu, 2 threads per core) family 6 model 70 stepping 1, cmov, cx8, fxsr, mmx, sse, sse2, sse3, ssse3, sse4.1, sse4.2, popcnt, avx, avx2, aes, clmul, erms, lzcnt, ht, tsc, tscinvbit, bmi1, bmi2

/proc/cpuinfo:
processor	: 0
vendor_id	: GenuineIntel
cpu family	: 6
model		: 70
model name	: Intel(R) Core(TM) i7-4870HQ CPU @ 2.50GHz
stepping	: 1
microcode	: 0x16
cpu MHz		: 3504.791
cache size	: 6144 KB
physical id	: 0
siblings	: 8
core id		: 0
cpu cores	: 4
apicid		: 0
initial apicid	: 0
fpu		: yes
fpu_exception	: yes
cpuid level	: 13
wp		: yes
flags		: fpu vme de pse tsc msr pae mce cx8 apic sep mtrr pge mca cmov pat pse36 clflush dts acpi mmx fxsr sse sse2 ss ht tm pbe syscall nx pdpe1gb rdtscp lm constant_tsc arch_perfmon pebs bts rep_good nopl xtopology nonstop_tsc aperfmperf eagerfpu pni pclmulqdq dtes64 monitor ds_cpl vmx smx est tm2 ssse3 sdbg fma cx16 xtpr pdcm pcid sse4_1 sse4_2 x2apic movbe popcnt tsc_deadline_timer aes xsave avx f16c rdrand lahf_lm abm epb tpr_shadow vnmi flexpriority ept vpid fsgsbase tsc_adjust bmi1 avx2 smep bmi2 erms invpcid xsaveopt dtherm ida arat pln pts
bugs		:
bogomips	: 4988.95
clflush size	: 64
cache_alignment	: 64
address sizes	: 39 bits physical, 48 bits virtual
power management:

processor	: 1
vendor_id	: GenuineIntel
cpu family	: 6
model		: 70
model name	: Intel(R) Core(TM) i7-4870HQ CPU @ 2.50GHz
stepping	: 1
microcode	: 0x16
cpu MHz		: 3499.908
cache size	: 6144 KB
physical id	: 0
siblings	: 8
core id		: 1
cpu cores	: 4
apicid		: 2
initial apicid	: 2
fpu		: yes
fpu_exception	: yes
cpuid level	: 13
wp		: yes
flags		: fpu vme de pse tsc msr pae mce cx8 apic sep mtrr pge mca cmov pat pse36 clflush dts acpi mmx fxsr sse sse2 ss ht tm pbe syscall nx pdpe1gb rdtscp lm constant_tsc arch_perfmon pebs bts rep_good nopl xtopology nonstop_tsc aperfmperf eagerfpu pni pclmulqdq dtes64 monitor ds_cpl vmx smx est tm2 ssse3 sdbg fma cx16 xtpr pdcm pcid sse4_1 sse4_2 x2apic movbe popcnt tsc_deadline_timer aes xsave avx f16c rdrand lahf_lm abm epb tpr_shadow vnmi flexpriority ept vpid fsgsbase tsc_adjust bmi1 avx2 smep bmi2 erms invpcid xsaveopt dtherm ida arat pln pts
bugs		:
bogomips	: 4991.51
clflush size	: 64
cache_alignment	: 64
address sizes	: 39 bits physical, 48 bits virtual
power management:

processor	: 2
vendor_id	: GenuineIntel
cpu family	: 6
model		: 70
model name	: Intel(R) Core(TM) i7-4870HQ CPU @ 2.50GHz
stepping	: 1
microcode	: 0x16
cpu MHz		: 3527.526
cache size	: 6144 KB
physical id	: 0
siblings	: 8
core id		: 2
cpu cores	: 4
apicid		: 4
initial apicid	: 4
fpu		: yes
fpu_exception	: yes
cpuid level	: 13
wp		: yes
flags		: fpu vme de pse tsc msr pae mce cx8 apic sep mtrr pge mca cmov pat pse36 clflush dts acpi mmx fxsr sse sse2 ss ht tm pbe syscall nx pdpe1gb rdtscp lm constant_tsc arch_perfmon pebs bts rep_good nopl xtopology nonstop_tsc aperfmperf eagerfpu pni pclmulqdq dtes64 monitor ds_cpl vmx smx est tm2 ssse3 sdbg fma cx16 xtpr pdcm pcid sse4_1 sse4_2 x2apic movbe popcnt tsc_deadline_timer aes xsave avx f16c rdrand lahf_lm abm epb tpr_shadow vnmi flexpriority ept vpid fsgsbase tsc_adjust bmi1 avx2 smep bmi2 erms invpcid xsaveopt dtherm ida arat pln pts
bugs		:
bogomips	: 4991.78
clflush size	: 64
cache_alignment	: 64
address sizes	: 39 bits physical, 48 bits virtual
power management:

processor	: 3
vendor_id	: GenuineIntel
cpu family	: 6
model		: 70
model name	: Intel(R) Core(TM) i7-4870HQ CPU @ 2.50GHz
stepping	: 1
microcode	: 0x16
cpu MHz		: 3518.218
cache size	: 6144 KB
physical id	: 0
siblings	: 8
core id		: 3
cpu cores	: 4
apicid		: 6
initial apicid	: 6
fpu		: yes
fpu_exception	: yes
cpuid level	: 13
wp		: yes
flags		: fpu vme de pse tsc msr pae mce cx8 apic sep mtrr pge mca cmov pat pse36 clflush dts acpi mmx fxsr sse sse2 ss ht tm pbe syscall nx pdpe1gb rdtscp lm constant_tsc arch_perfmon pebs bts rep_good nopl xtopology nonstop_tsc aperfmperf eagerfpu pni pclmulqdq dtes64 monitor ds_cpl vmx smx est tm2 ssse3 sdbg fma cx16 xtpr pdcm pcid sse4_1 sse4_2 x2apic movbe popcnt tsc_deadline_timer aes xsave avx f16c rdrand lahf_lm abm epb tpr_shadow vnmi flexpriority ept vpid fsgsbase tsc_adjust bmi1 avx2 smep bmi2 erms invpcid xsaveopt dtherm ida arat pln pts
bugs		:
bogomips	: 4991.73
clflush size	: 64
cache_alignment	: 64
address sizes	: 39 bits physical, 48 bits virtual
power management:

processor	: 4
vendor_id	: GenuineIntel
cpu family	: 6
model		: 70
model name	: Intel(R) Core(TM) i7-4870HQ CPU @ 2.50GHz
stepping	: 1
microcode	: 0x16
cpu MHz		: 3499.908
cache size	: 6144 KB
physical id	: 0
siblings	: 8
core id		: 0
cpu cores	: 4
apicid		: 1
initial apicid	: 1
fpu		: yes
fpu_exception	: yes
cpuid level	: 13
wp		: yes
flags		: fpu vme de pse tsc msr pae mce cx8 apic sep mtrr pge mca cmov pat pse36 clflush dts acpi mmx fxsr sse sse2 ss ht tm pbe syscall nx pdpe1gb rdtscp lm constant_tsc arch_perfmon pebs bts rep_good nopl xtopology nonstop_tsc aperfmperf eagerfpu pni pclmulqdq dtes64 monitor ds_cpl vmx smx est tm2 ssse3 sdbg fma cx16 xtpr pdcm pcid sse4_1 sse4_2 x2apic movbe popcnt tsc_deadline_timer aes xsave avx f16c rdrand lahf_lm abm epb tpr_shadow vnmi flexpriority ept vpid fsgsbase tsc_adjust bmi1 avx2 smep bmi2 erms invpcid xsaveopt dtherm ida arat pln pts
bugs		:
bogomips	: 4993.32
clflush size	: 64
cache_alignment	: 64
address sizes	: 39 bits physical, 48 bits virtual
power management:

processor	: 5
vendor_id	: GenuineIntel
cpu family	: 6
model		: 70
model name	: Intel(R) Core(TM) i7-4870HQ CPU @ 2.50GHz
stepping	: 1
microcode	: 0x16
cpu MHz		: 3499.908
cache size	: 6144 KB
physical id	: 0
siblings	: 8
core id		: 1
cpu cores	: 4
apicid		: 3
initial apicid	: 3
fpu		: yes
fpu_exception	: yes
cpuid level	: 13
wp		: yes
flags		: fpu vme de pse tsc msr pae mce cx8 apic sep mtrr pge mca cmov pat pse36 clflush dts acpi mmx fxsr sse sse2 ss ht tm pbe syscall nx pdpe1gb rdtscp lm constant_tsc arch_perfmon pebs bts rep_good nopl xtopology nonstop_tsc aperfmperf eagerfpu pni pclmulqdq dtes64 monitor ds_cpl vmx smx est tm2 ssse3 sdbg fma cx16 xtpr pdcm pcid sse4_1 sse4_2 x2apic movbe popcnt tsc_deadline_timer aes xsave avx f16c rdrand lahf_lm abm epb tpr_shadow vnmi flexpriority ept vpid fsgsbase tsc_adjust bmi1 avx2 smep bmi2 erms invpcid xsaveopt dtherm ida arat pln pts
bugs		:
bogomips	: 4991.90
clflush size	: 64
cache_alignment	: 64
address sizes	: 39 bits physical, 48 bits virtual
power management:

processor	: 6
vendor_id	: GenuineIntel
cpu family	: 6
model		: 70
model name	: Intel(R) Core(TM) i7-4870HQ CPU @ 2.50GHz
stepping	: 1
microcode	: 0x16
cpu MHz		: 3499.908
cache size	: 6144 KB
physical id	: 0
siblings	: 8
core id		: 2
cpu cores	: 4
apicid		: 5
initial apicid	: 5
fpu		: yes
fpu_exception	: yes
cpuid level	: 13
wp		: yes
flags		: fpu vme de pse tsc msr pae mce cx8 apic sep mtrr pge mca cmov pat pse36 clflush dts acpi mmx fxsr sse sse2 ss ht tm pbe syscall nx pdpe1gb rdtscp lm constant_tsc arch_perfmon pebs bts rep_good nopl xtopology nonstop_tsc aperfmperf eagerfpu pni pclmulqdq dtes64 monitor ds_cpl vmx smx est tm2 ssse3 sdbg fma cx16 xtpr pdcm pcid sse4_1 sse4_2 x2apic movbe popcnt tsc_deadline_timer aes xsave avx f16c rdrand lahf_lm abm epb tpr_shadow vnmi flexpriority ept vpid fsgsbase tsc_adjust bmi1 avx2 smep bmi2 erms invpcid xsaveopt dtherm ida arat pln pts
bugs		:
bogomips	: 4991.78
clflush size	: 64
cache_alignment	: 64
address sizes	: 39 bits physical, 48 bits virtual
power management:

processor	: 7
vendor_id	: GenuineIntel
cpu family	: 6
model		: 70
model name	: Intel(R) Core(TM) i7-4870HQ CPU @ 2.50GHz
stepping	: 1
microcode	: 0x16
cpu MHz		: 3512.878
cache size	: 6144 KB
physical id	: 0
siblings	: 8
core id		: 3
cpu cores	: 4
apicid		: 7
initial apicid	: 7
fpu		: yes
fpu_exception	: yes
cpuid level	: 13
wp		: yes
flags		: fpu vme de pse tsc msr pae mce cx8 apic sep mtrr pge mca cmov pat pse36 clflush dts acpi mmx fxsr sse sse2 ss ht tm pbe syscall nx pdpe1gb rdtscp lm constant_tsc arch_perfmon pebs bts rep_good nopl xtopology nonstop_tsc aperfmperf eagerfpu pni pclmulqdq dtes64 monitor ds_cpl vmx smx est tm2 ssse3 sdbg fma cx16 xtpr pdcm pcid sse4_1 sse4_2 x2apic movbe popcnt tsc_deadline_timer aes xsave avx f16c rdrand lahf_lm abm epb tpr_shadow vnmi flexpriority ept vpid fsgsbase tsc_adjust bmi1 avx2 smep bmi2 erms invpcid xsaveopt dtherm ida arat pln pts
bugs		:
bogomips	: 4991.83
clflush size	: 64
cache_alignment	: 64
address sizes	: 39 bits physical, 48 bits virtual
power management:



Memory: 4k page, physical 16306196k(239976k free), swap 0k(0k free)

vm_info: OpenJDK 64-Bit Server VM (25.121-b14) for linux-amd64 JRE (1.8.0_121-b14), built on Feb 27 2017 15:47:31 by "mockbuild" with gcc 6.3.1 20161221 (Red Hat 6.3.1-1)

time: Fri Mar 31 18:11:39 2017
elapsed time: 0 seconds (0d 0h 0m 0s)

